{"contracts/interfaces/ControlledTokenInterface.sol":{"l":{},"path":"/Users/admin/Documents/GitHub/poolpower-project/contracts/contracts/interfaces/ControlledTokenInterface.sol","s":{},"b":{},"f":{},"fnMap":{},"statementMap":{},"branchMap":{}},"contracts/interfaces/IERC20.sol":{"l":{},"path":"/Users/admin/Documents/GitHub/poolpower-project/contracts/contracts/interfaces/IERC20.sol","s":{},"b":{},"f":{},"fnMap":{},"statementMap":{},"branchMap":{}},"contracts/interfaces/IERC20Minimal.sol":{"l":{},"path":"/Users/admin/Documents/GitHub/poolpower-project/contracts/contracts/interfaces/IERC20Minimal.sol","s":{},"b":{},"f":{},"fnMap":{},"statementMap":{},"branchMap":{}},"contracts/interfaces/ILootBoxController.sol":{"l":{},"path":"/Users/admin/Documents/GitHub/poolpower-project/contracts/contracts/interfaces/ILootBoxController.sol","s":{},"b":{},"f":{},"fnMap":{},"statementMap":{},"branchMap":{}},"contracts/interfaces/IMinimal.sol":{"l":{},"path":"/Users/admin/Documents/GitHub/poolpower-project/contracts/contracts/interfaces/IMinimal.sol","s":{},"b":{},"f":{},"fnMap":{},"statementMap":{},"branchMap":{}},"contracts/interfaces/IPermitAllowed.sol":{"l":{},"path":"/Users/admin/Documents/GitHub/poolpower-project/contracts/contracts/interfaces/IPermitAllowed.sol","s":{},"b":{},"f":{},"fnMap":{},"statementMap":{},"branchMap":{}},"contracts/interfaces/IPrizePool.sol":{"l":{},"path":"/Users/admin/Documents/GitHub/poolpower-project/contracts/contracts/interfaces/IPrizePool.sol","s":{},"b":{},"f":{},"fnMap":{},"statementMap":{},"branchMap":{}},"contracts/interfaces/IPrizePoolMinimal.sol":{"l":{},"path":"/Users/admin/Documents/GitHub/poolpower-project/contracts/contracts/interfaces/IPrizePoolMinimal.sol","s":{},"b":{},"f":{},"fnMap":{},"statementMap":{},"branchMap":{}},"contracts/interfaces/IPrizeStrategyMinimal.sol":{"l":{},"path":"/Users/admin/Documents/GitHub/poolpower-project/contracts/contracts/interfaces/IPrizeStrategyMinimal.sol","s":{},"b":{},"f":{},"fnMap":{},"statementMap":{},"branchMap":{}},"contracts/interfaces/IWETH.sol":{"l":{},"path":"/Users/admin/Documents/GitHub/poolpower-project/contracts/contracts/interfaces/IWETH.sol","s":{},"b":{},"f":{},"fnMap":{},"statementMap":{},"branchMap":{}},"contracts/interfaces/TokenControllerInterface.sol":{"l":{},"path":"/Users/admin/Documents/GitHub/poolpower-project/contracts/contracts/interfaces/TokenControllerInterface.sol","s":{},"b":{},"f":{},"fnMap":{},"statementMap":{},"branchMap":{}},"contracts/interfaces/TokenFaucet.sol":{"l":{},"path":"/Users/admin/Documents/GitHub/poolpower-project/contracts/contracts/interfaces/TokenFaucet.sol","s":{},"b":{},"f":{},"fnMap":{},"statementMap":{},"branchMap":{}},"contracts/interfaces/TokenListenerInterface.sol":{"l":{},"path":"/Users/admin/Documents/GitHub/poolpower-project/contracts/contracts/interfaces/TokenListenerInterface.sol","s":{},"b":{},"f":{},"fnMap":{},"statementMap":{},"branchMap":{}},"contracts/interfaces/uniswap/IERC20.sol":{"l":{},"path":"/Users/admin/Documents/GitHub/poolpower-project/contracts/contracts/interfaces/uniswap/IERC20.sol","s":{},"b":{},"f":{},"fnMap":{},"statementMap":{},"branchMap":{}},"contracts/interfaces/uniswap/IUniswapV2Callee.sol":{"l":{},"path":"/Users/admin/Documents/GitHub/poolpower-project/contracts/contracts/interfaces/uniswap/IUniswapV2Callee.sol","s":{},"b":{},"f":{},"fnMap":{},"statementMap":{},"branchMap":{}},"contracts/interfaces/uniswap/IUniswapV2ERC20.sol":{"l":{},"path":"/Users/admin/Documents/GitHub/poolpower-project/contracts/contracts/interfaces/uniswap/IUniswapV2ERC20.sol","s":{},"b":{},"f":{},"fnMap":{},"statementMap":{},"branchMap":{}},"contracts/interfaces/uniswap/IUniswapV2Factory.sol":{"l":{},"path":"/Users/admin/Documents/GitHub/poolpower-project/contracts/contracts/interfaces/uniswap/IUniswapV2Factory.sol","s":{},"b":{},"f":{},"fnMap":{},"statementMap":{},"branchMap":{}},"contracts/interfaces/uniswap/IUniswapV2Pair.sol":{"l":{},"path":"/Users/admin/Documents/GitHub/poolpower-project/contracts/contracts/interfaces/uniswap/IUniswapV2Pair.sol","s":{},"b":{},"f":{},"fnMap":{},"statementMap":{},"branchMap":{}},"contracts/interfaces/uniswap/IUniswapV2Router01.sol":{"l":{},"path":"/Users/admin/Documents/GitHub/poolpower-project/contracts/contracts/interfaces/uniswap/IUniswapV2Router01.sol","s":{},"b":{},"f":{},"fnMap":{},"statementMap":{},"branchMap":{}},"contracts/interfaces/uniswap/IUniswapV2Router02.sol":{"l":{},"path":"/Users/admin/Documents/GitHub/poolpower-project/contracts/contracts/interfaces/uniswap/IUniswapV2Router02.sol","s":{},"b":{},"f":{},"fnMap":{},"statementMap":{},"branchMap":{}},"contracts/IPod.sol":{"l":{},"path":"/Users/admin/Documents/GitHub/poolpower-project/contracts/contracts/IPod.sol","s":{},"b":{},"f":{},"fnMap":{},"statementMap":{},"branchMap":{}},"contracts/IPodManager.sol":{"l":{},"path":"/Users/admin/Documents/GitHub/poolpower-project/contracts/contracts/IPodManager.sol","s":{},"b":{},"f":{},"fnMap":{},"statementMap":{},"branchMap":{}},"contracts/Pod.sol":{"l":{"130":0,"134":0,"141":0,"145":0,"163":83,"166":83,"169":83,"175":83,"179":83,"185":82,"186":82,"187":82,"188":82,"191":82,"194":82,"202":84,"208":83,"212":83,"223":0,"232":0,"238":0,"241":0,"252":1,"266":13,"269":12,"272":12,"275":11,"278":11,"289":4,"295":3,"298":2,"300":2,"309":6,"312":6,"316":5,"319":3,"322":3,"325":3,"328":3,"336":3,"348":0,"356":0,"368":0,"384":5,"390":4,"392":4,"394":4,"402":3,"405":3,"408":3,"411":3,"422":12,"425":12,"426":11,"428":1,"432":12,"435":12,"443":3,"446":2,"449":2,"450":2,"453":2,"455":1,"458":1,"461":1,"476":2,"479":2,"488":1,"491":1,"499":1,"508":1,"520":2,"521":1,"523":1,"536":2,"537":1,"539":1,"547":12,"554":6,"561":2,"568":6,"589":14,"592":14,"594":14},"path":"/Users/admin/Documents/GitHub/poolpower-project/contracts/contracts/Pod.sol","s":{"1":0,"2":0,"3":83,"4":83,"5":83,"6":83,"7":83,"8":82,"9":82,"10":82,"11":82,"12":82,"13":82,"14":84,"15":83,"16":83,"17":0,"18":0,"19":0,"20":0,"21":1,"22":13,"23":12,"24":12,"25":11,"26":11,"27":4,"28":3,"29":2,"30":2,"31":6,"32":6,"33":5,"34":3,"35":3,"36":3,"37":3,"38":3,"39":0,"40":0,"41":0,"42":5,"43":4,"44":4,"45":4,"46":3,"47":3,"48":3,"49":3,"50":12,"51":12,"52":11,"53":1,"54":12,"55":12,"56":3,"57":2,"58":2,"59":2,"60":2,"61":1,"62":1,"63":1,"64":2,"65":2,"66":1,"67":1,"68":1,"69":1,"70":2,"71":1,"72":1,"73":2,"74":1,"75":1,"76":12,"77":6,"78":2,"79":6,"80":14,"81":14,"82":14},"b":{"1":[0,0],"2":[0,0],"3":[82,1],"4":[83,1],"5":[0,0],"6":[12,1],"7":[3,1],"8":[5,1],"9":[3,2],"10":[0,0],"11":[4,1],"12":[11,1],"13":[1,1],"14":[1,1],"15":[1,1]},"f":{"1":0,"2":0,"3":83,"4":84,"5":0,"6":0,"7":1,"8":13,"9":4,"10":6,"11":0,"12":0,"13":5,"14":3,"15":12,"16":3,"17":1,"18":2,"19":2,"20":12,"21":6,"22":2,"23":6,"24":14},"fnMap":{"1":{"name":"onlyManager","line":129,"loc":{"start":{"line":129,"column":4},"end":{"line":135,"column":4}}},"2":{"name":"pauseDepositsDuringAwarding","line":140,"loc":{"start":{"line":140,"column":4},"end":{"line":146,"column":4}}},"3":{"name":"initialize","line":161,"loc":{"start":{"line":155,"column":4},"end":{"line":195,"column":4}}},"4":{"name":"setTokenDrop","line":200,"loc":{"start":{"line":200,"column":4},"end":{"line":213,"column":4}}},"5":{"name":"podManager","line":222,"loc":{"start":{"line":222,"column":4},"end":{"line":224,"column":4}}},"6":{"name":"setManager","line":230,"loc":{"start":{"line":230,"column":4},"end":{"line":242,"column":4}}},"7":{"name":"prizePool","line":251,"loc":{"start":{"line":251,"column":4},"end":{"line":253,"column":4}}},"8":{"name":"depositTo","line":261,"loc":{"start":{"line":261,"column":4},"end":{"line":279,"column":4}}},"9":{"name":"withdraw","line":287,"loc":{"start":{"line":287,"column":4},"end":{"line":301,"column":4}}},"10":{"name":"batch","line":308,"loc":{"start":{"line":308,"column":4},"end":{"line":337,"column":4}}},"11":{"name":"withdrawERC20","line":345,"loc":{"start":{"line":342,"column":4},"end":{"line":357,"column":4}}},"12":{"name":"withdrawERC721","line":365,"loc":{"start":{"line":362,"column":4},"end":{"line":369,"column":4}}},"13":{"name":"claim","line":378,"loc":{"start":{"line":378,"column":4},"end":{"line":395,"column":4}}},"14":{"name":"claimPodPool","line":401,"loc":{"start":{"line":401,"column":4},"end":{"line":412,"column":4}}},"15":{"name":"_deposit","line":421,"loc":{"start":{"line":421,"column":4},"end":{"line":436,"column":4}}},"16":{"name":"_burnShares","line":441,"loc":{"start":{"line":441,"column":4},"end":{"line":480,"column":4}}},"17":{"name":"_withdrawFromPool","line":487,"loc":{"start":{"line":487,"column":4},"end":{"line":509,"column":4}}},"18":{"name":"getPricePerShare","line":518,"loc":{"start":{"line":518,"column":4},"end":{"line":525,"column":4}}},"19":{"name":"getUserPricePerShare","line":530,"loc":{"start":{"line":530,"column":4},"end":{"line":541,"column":4}}},"20":{"name":"vaultTokenBalance","line":546,"loc":{"start":{"line":546,"column":4},"end":{"line":548,"column":4}}},"21":{"name":"vaultTicketBalance","line":553,"loc":{"start":{"line":553,"column":4},"end":{"line":555,"column":4}}},"22":{"name":"vaultPoolBalance","line":560,"loc":{"start":{"line":560,"column":4},"end":{"line":562,"column":4}}},"23":{"name":"balance","line":567,"loc":{"start":{"line":567,"column":4},"end":{"line":569,"column":4}}},"24":{"name":"_beforeTokenTransfer","line":584,"loc":{"start":{"line":584,"column":4},"end":{"line":595,"column":4}}}},"statementMap":{"1":{"start":{"line":130,"column":8},"end":{"line":130,"column":3376}},"2":{"start":{"line":141,"column":8},"end":{"line":141,"column":3626}},"3":{"start":{"line":163,"column":8},"end":{"line":163,"column":48}},"4":{"start":{"line":166,"column":8},"end":{"line":166,"column":33}},"5":{"start":{"line":169,"column":8},"end":{"line":169,"column":4347}},"6":{"start":{"line":175,"column":8},"end":{"line":175,"column":54}},"7":{"start":{"line":179,"column":8},"end":{"line":179,"column":4762}},"8":{"start":{"line":185,"column":8},"end":{"line":185,"column":41}},"9":{"start":{"line":186,"column":8},"end":{"line":186,"column":34}},"10":{"start":{"line":187,"column":8},"end":{"line":187,"column":27}},"11":{"start":{"line":188,"column":8},"end":{"line":188,"column":36}},"12":{"start":{"line":191,"column":8},"end":{"line":191,"column":38}},"13":{"start":{"line":194,"column":8},"end":{"line":194,"column":27}},"14":{"start":{"line":202,"column":8},"end":{"line":202,"column":5374}},"15":{"start":{"line":208,"column":8},"end":{"line":208,"column":35}},"16":{"start":{"line":212,"column":8},"end":{"line":212,"column":35}},"17":{"start":{"line":223,"column":8},"end":{"line":223,"column":31}},"18":{"start":{"line":232,"column":8},"end":{"line":232,"column":6259}},"19":{"start":{"line":238,"column":8},"end":{"line":238,"column":73}},"20":{"start":{"line":241,"column":8},"end":{"line":241,"column":27}},"21":{"start":{"line":252,"column":8},"end":{"line":252,"column":34}},"22":{"start":{"line":266,"column":8},"end":{"line":266,"column":53}},"23":{"start":{"line":269,"column":8},"end":{"line":269,"column":50}},"24":{"start":{"line":272,"column":8},"end":{"line":272,"column":73}},"25":{"start":{"line":275,"column":8},"end":{"line":275,"column":47}},"26":{"start":{"line":278,"column":8},"end":{"line":278,"column":21}},"27":{"start":{"line":289,"column":8},"end":{"line":289,"column":8296}},"28":{"start":{"line":295,"column":8},"end":{"line":295,"column":49}},"29":{"start":{"line":298,"column":8},"end":{"line":298,"column":55}},"30":{"start":{"line":300,"column":8},"end":{"line":300,"column":21}},"31":{"start":{"line":309,"column":8},"end":{"line":309,"column":50}},"32":{"start":{"line":312,"column":8},"end":{"line":312,"column":58}},"33":{"start":{"line":316,"column":8},"end":{"line":316,"column":77}},"34":{"start":{"line":319,"column":8},"end":{"line":319,"column":43}},"35":{"start":{"line":322,"column":8},"end":{"line":322,"column":35}},"36":{"start":{"line":325,"column":8},"end":{"line":325,"column":55}},"37":{"start":{"line":328,"column":8},"end":{"line":328,"column":9559}},"38":{"start":{"line":336,"column":8},"end":{"line":336,"column":49}},"39":{"start":{"line":348,"column":8},"end":{"line":348,"column":10042}},"40":{"start":{"line":356,"column":8},"end":{"line":356,"column":43}},"41":{"start":{"line":368,"column":8},"end":{"line":368,"column":71}},"42":{"start":{"line":384,"column":8},"end":{"line":384,"column":11156}},"43":{"start":{"line":390,"column":8},"end":{"line":390,"column":52}},"44":{"start":{"line":392,"column":8},"end":{"line":392,"column":36}},"45":{"start":{"line":394,"column":8},"end":{"line":394,"column":23}},"46":{"start":{"line":402,"column":8},"end":{"line":402,"column":60}},"47":{"start":{"line":405,"column":8},"end":{"line":405,"column":50}},"48":{"start":{"line":408,"column":8},"end":{"line":408,"column":41}},"49":{"start":{"line":411,"column":8},"end":{"line":411,"column":29}},"50":{"start":{"line":422,"column":8},"end":{"line":422,"column":30}},"51":{"start":{"line":425,"column":8},"end":{"line":425,"column":12274}},"52":{"start":{"line":426,"column":12},"end":{"line":426,"column":30}},"53":{"start":{"line":428,"column":12},"end":{"line":428,"column":66}},"54":{"start":{"line":432,"column":8},"end":{"line":432,"column":30}},"55":{"start":{"line":435,"column":8},"end":{"line":435,"column":25}},"56":{"start":{"line":443,"column":8},"end":{"line":443,"column":67}},"57":{"start":{"line":446,"column":8},"end":{"line":446,"column":32}},"58":{"start":{"line":449,"column":8},"end":{"line":449,"column":37}},"59":{"start":{"line":450,"column":8},"end":{"line":450,"column":64}},"60":{"start":{"line":453,"column":8},"end":{"line":453,"column":13071}},"61":{"start":{"line":455,"column":12},"end":{"line":455,"column":58}},"62":{"start":{"line":458,"column":12},"end":{"line":458,"column":58}},"63":{"start":{"line":461,"column":12},"end":{"line":461,"column":39}},"64":{"start":{"line":476,"column":8},"end":{"line":476,"column":42}},"65":{"start":{"line":479,"column":8},"end":{"line":479,"column":21}},"66":{"start":{"line":488,"column":8},"end":{"line":488,"column":49}},"67":{"start":{"line":491,"column":8},"end":{"line":491,"column":14348}},"68":{"start":{"line":499,"column":8},"end":{"line":499,"column":14559}},"69":{"start":{"line":508,"column":8},"end":{"line":508,"column":26}},"70":{"start":{"line":520,"column":8},"end":{"line":520,"column":15153}},"71":{"start":{"line":521,"column":12},"end":{"line":521,"column":57}},"72":{"start":{"line":523,"column":12},"end":{"line":523,"column":20}},"73":{"start":{"line":536,"column":8},"end":{"line":536,"column":15531}},"74":{"start":{"line":537,"column":12},"end":{"line":537,"column":59}},"75":{"start":{"line":539,"column":12},"end":{"line":539,"column":20}},"76":{"start":{"line":547,"column":8},"end":{"line":547,"column":45}},"77":{"start":{"line":554,"column":8},"end":{"line":554,"column":46}},"78":{"start":{"line":561,"column":8},"end":{"line":561,"column":44}},"79":{"start":{"line":568,"column":8},"end":{"line":568,"column":60}},"80":{"start":{"line":589,"column":8},"end":{"line":589,"column":51}},"81":{"start":{"line":592,"column":8},"end":{"line":592,"column":56}},"82":{"start":{"line":594,"column":8},"end":{"line":594,"column":40}}},"branchMap":{"1":{"line":130,"type":"if","locations":[{"start":{"line":130,"column":8},"end":{"line":130,"column":8}},{"start":{"line":130,"column":8},"end":{"line":130,"column":8}}]},"2":{"line":141,"type":"if","locations":[{"start":{"line":141,"column":8},"end":{"line":141,"column":8}},{"start":{"line":141,"column":8},"end":{"line":141,"column":8}}]},"3":{"line":179,"type":"if","locations":[{"start":{"line":179,"column":8},"end":{"line":179,"column":8}},{"start":{"line":179,"column":8},"end":{"line":179,"column":8}}]},"4":{"line":202,"type":"if","locations":[{"start":{"line":202,"column":8},"end":{"line":202,"column":8}},{"start":{"line":202,"column":8},"end":{"line":202,"column":8}}]},"5":{"line":232,"type":"if","locations":[{"start":{"line":232,"column":8},"end":{"line":232,"column":8}},{"start":{"line":232,"column":8},"end":{"line":232,"column":8}}]},"6":{"line":266,"type":"if","locations":[{"start":{"line":266,"column":8},"end":{"line":266,"column":8}},{"start":{"line":266,"column":8},"end":{"line":266,"column":8}}]},"7":{"line":289,"type":"if","locations":[{"start":{"line":289,"column":8},"end":{"line":289,"column":8}},{"start":{"line":289,"column":8},"end":{"line":289,"column":8}}]},"8":{"line":312,"type":"if","locations":[{"start":{"line":312,"column":8},"end":{"line":312,"column":8}},{"start":{"line":312,"column":8},"end":{"line":312,"column":8}}]},"9":{"line":316,"type":"if","locations":[{"start":{"line":316,"column":8},"end":{"line":316,"column":8}},{"start":{"line":316,"column":8},"end":{"line":316,"column":8}}]},"10":{"line":348,"type":"if","locations":[{"start":{"line":348,"column":8},"end":{"line":348,"column":8}},{"start":{"line":348,"column":8},"end":{"line":348,"column":8}}]},"11":{"line":384,"type":"if","locations":[{"start":{"line":384,"column":8},"end":{"line":384,"column":8}},{"start":{"line":384,"column":8},"end":{"line":384,"column":8}}]},"12":{"line":425,"type":"if","locations":[{"start":{"line":425,"column":8},"end":{"line":425,"column":8}},{"start":{"line":425,"column":8},"end":{"line":425,"column":8}}]},"13":{"line":453,"type":"if","locations":[{"start":{"line":453,"column":8},"end":{"line":453,"column":8}},{"start":{"line":453,"column":8},"end":{"line":453,"column":8}}]},"14":{"line":520,"type":"if","locations":[{"start":{"line":520,"column":8},"end":{"line":520,"column":8}},{"start":{"line":520,"column":8},"end":{"line":520,"column":8}}]},"15":{"line":536,"type":"if","locations":[{"start":{"line":536,"column":8},"end":{"line":536,"column":8}},{"start":{"line":536,"column":8},"end":{"line":536,"column":8}}]}}},"contracts/PodFactory.sol":{"l":{"44":120,"47":120,"60":83,"63":83,"66":82,"70":82,"73":82,"76":82,"79":82},"path":"/Users/admin/Documents/GitHub/poolpower-project/contracts/contracts/PodFactory.sol","s":{"1":120,"2":120,"3":83,"4":83,"5":82,"6":82,"7":82,"8":82,"9":82},"b":{},"f":{"1":120,"2":83},"fnMap":{"1":{"name":"constructor","line":42,"loc":{"start":{"line":42,"column":4},"end":{"line":48,"column":4}}},"2":{"name":"create","line":50,"loc":{"start":{"line":50,"column":4},"end":{"line":80,"column":4}}}},"statementMap":{"1":{"start":{"line":44,"column":8},"end":{"line":44,"column":30}},"2":{"start":{"line":47,"column":8},"end":{"line":47,"column":43}},"3":{"start":{"line":60,"column":8},"end":{"line":60,"column":62}},"4":{"start":{"line":63,"column":8},"end":{"line":63,"column":74}},"5":{"start":{"line":66,"column":8},"end":{"line":66,"column":40}},"6":{"start":{"line":70,"column":8},"end":{"line":70,"column":74}},"7":{"start":{"line":73,"column":8},"end":{"line":73,"column":43}},"8":{"start":{"line":76,"column":8},"end":{"line":76,"column":72}},"9":{"start":{"line":79,"column":8},"end":{"line":79,"column":49}}},"branchMap":{}},"contracts/TokenDrop.sol":{"l":{"82":86,"83":86,"86":86,"113":14,"114":14,"117":14,"120":14,"121":2,"133":6,"136":6,"139":6,"148":4,"149":4,"150":4,"151":4,"152":4,"155":4,"158":4,"160":4,"171":24,"172":24,"175":24,"177":5,"180":5,"181":1,"183":1,"186":1,"187":1,"192":5,"195":24,"209":20,"210":20,"212":18,"214":2,"218":2,"219":2,"227":2,"232":2,"240":1},"path":"/Users/admin/Documents/GitHub/poolpower-project/contracts/contracts/TokenDrop.sol","s":{"1":86,"2":86,"3":86,"4":14,"5":14,"6":14,"7":14,"8":2,"9":6,"10":6,"11":6,"12":4,"13":4,"14":4,"15":4,"16":4,"17":4,"18":4,"19":4,"20":24,"21":24,"22":24,"23":5,"24":5,"25":1,"26":1,"27":1,"28":1,"29":5,"30":24,"31":20,"32":20,"33":18,"34":2,"35":2,"36":2,"37":2,"38":2,"39":1},"b":{"1":[14,0],"2":[2,12],"3":[5,19],"4":[1,4],"5":[18,2]},"f":{"1":86,"2":14,"3":6,"4":4,"5":24,"6":20,"7":1},"fnMap":{"1":{"name":"initialize","line":81,"loc":{"start":{"line":81,"column":4},"end":{"line":87,"column":4}}},"2":{"name":"beforeTokenTransfer","line":107,"loc":{"start":{"line":107,"column":4},"end":{"line":124,"column":4}}},"3":{"name":"addAssetToken","line":131,"loc":{"start":{"line":131,"column":4},"end":{"line":140,"column":4}}},"4":{"name":"claim","line":147,"loc":{"start":{"line":147,"column":4},"end":{"line":161,"column":4}}},"5":{"name":"drop","line":170,"loc":{"start":{"line":170,"column":4},"end":{"line":196,"column":4}}},"6":{"name":"_captureNewTokensForUser","line":208,"loc":{"start":{"line":208,"column":4},"end":{"line":233,"column":4}}},"7":{"name":"supportsInterface","line":235,"loc":{"start":{"line":235,"column":4},"end":{"line":241,"column":4}}}},"statementMap":{"1":{"start":{"line":82,"column":8},"end":{"line":82,"column":44}},"2":{"start":{"line":83,"column":8},"end":{"line":83,"column":40}},"3":{"start":{"line":86,"column":8},"end":{"line":86,"column":27}},"4":{"start":{"line":113,"column":8},"end":{"line":113,"column":3615}},"5":{"start":{"line":114,"column":12},"end":{"line":114,"column":17}},"6":{"start":{"line":117,"column":12},"end":{"line":117,"column":39}},"7":{"start":{"line":120,"column":12},"end":{"line":120,"column":3829}},"8":{"start":{"line":121,"column":16},"end":{"line":121,"column":45}},"9":{"start":{"line":133,"column":8},"end":{"line":133,"column":60}},"10":{"start":{"line":136,"column":8},"end":{"line":136,"column":13}},"11":{"start":{"line":139,"column":8},"end":{"line":139,"column":19}},"12":{"start":{"line":148,"column":8},"end":{"line":148,"column":13}},"13":{"start":{"line":149,"column":8},"end":{"line":149,"column":37}},"14":{"start":{"line":150,"column":8},"end":{"line":150,"column":50}},"15":{"start":{"line":151,"column":8},"end":{"line":151,"column":35}},"16":{"start":{"line":152,"column":8},"end":{"line":152,"column":72}},"17":{"start":{"line":155,"column":8},"end":{"line":155,"column":36}},"18":{"start":{"line":158,"column":8},"end":{"line":158,"column":35}},"19":{"start":{"line":160,"column":8},"end":{"line":160,"column":22}},"20":{"start":{"line":171,"column":8},"end":{"line":171,"column":65}},"21":{"start":{"line":172,"column":8},"end":{"line":172,"column":64}},"22":{"start":{"line":175,"column":8},"end":{"line":175,"column":5444}},"23":{"start":{"line":177,"column":12},"end":{"line":177,"column":62}},"24":{"start":{"line":180,"column":12},"end":{"line":180,"column":5638}},"25":{"start":{"line":181,"column":16},"end":{"line":181,"column":5751}},"26":{"start":{"line":183,"column":16},"end":{"line":183,"column":5871}},"27":{"start":{"line":186,"column":16},"end":{"line":186,"column":74}},"28":{"start":{"line":187,"column":16},"end":{"line":187,"column":6033}},"29":{"start":{"line":192,"column":12},"end":{"line":192,"column":35}},"30":{"start":{"line":195,"column":8},"end":{"line":195,"column":24}},"31":{"start":{"line":209,"column":8},"end":{"line":209,"column":54}},"32":{"start":{"line":210,"column":8},"end":{"line":210,"column":6774}},"33":{"start":{"line":212,"column":12},"end":{"line":212,"column":20}},"34":{"start":{"line":214,"column":8},"end":{"line":214,"column":6932}},"35":{"start":{"line":218,"column":8},"end":{"line":218,"column":60}},"36":{"start":{"line":219,"column":8},"end":{"line":219,"column":7166}},"37":{"start":{"line":227,"column":8},"end":{"line":227,"column":7362}},"38":{"start":{"line":232,"column":8},"end":{"line":232,"column":24}},"39":{"start":{"line":240,"column":8},"end":{"line":240,"column":19}}},"branchMap":{"1":{"line":113,"type":"if","locations":[{"start":{"line":113,"column":8},"end":{"line":113,"column":8}},{"start":{"line":113,"column":8},"end":{"line":113,"column":8}}]},"2":{"line":120,"type":"if","locations":[{"start":{"line":120,"column":12},"end":{"line":120,"column":12}},{"start":{"line":120,"column":12},"end":{"line":120,"column":12}}]},"3":{"line":175,"type":"if","locations":[{"start":{"line":175,"column":8},"end":{"line":175,"column":8}},{"start":{"line":175,"column":8},"end":{"line":175,"column":8}}]},"4":{"line":180,"type":"if","locations":[{"start":{"line":180,"column":12},"end":{"line":180,"column":12}},{"start":{"line":180,"column":12},"end":{"line":180,"column":12}}]},"5":{"line":210,"type":"if","locations":[{"start":{"line":210,"column":8},"end":{"line":210,"column":8}},{"start":{"line":210,"column":8},"end":{"line":210,"column":8}}]}}},"contracts/TokenDropFactory.sol":{"l":{"37":120,"48":86,"52":86,"55":86,"58":86},"path":"/Users/admin/Documents/GitHub/poolpower-project/contracts/contracts/TokenDropFactory.sol","s":{"1":120,"2":86,"3":86,"4":86,"5":86},"b":{},"f":{"1":120,"2":86},"fnMap":{"1":{"name":"constructor","line":35,"loc":{"start":{"line":35,"column":4},"end":{"line":38,"column":4}}},"2":{"name":"create","line":43,"loc":{"start":{"line":43,"column":4},"end":{"line":59,"column":4}}}},"statementMap":{"1":{"start":{"line":37,"column":8},"end":{"line":37,"column":42}},"2":{"start":{"line":48,"column":8},"end":{"line":48,"column":1252}},"3":{"start":{"line":52,"column":8},"end":{"line":52,"column":45}},"4":{"start":{"line":55,"column":8},"end":{"line":55,"column":51}},"5":{"start":{"line":58,"column":8},"end":{"line":58,"column":24}}},"branchMap":{}}}