{"contracts/interfaces/ControlledTokenInterface.sol":{"l":{},"path":"/Users/admin/Documents/GitHub/poolpower-project/contracts/contracts/interfaces/ControlledTokenInterface.sol","s":{},"b":{},"f":{},"fnMap":{},"statementMap":{},"branchMap":{}},"contracts/interfaces/IERC20.sol":{"l":{},"path":"/Users/admin/Documents/GitHub/poolpower-project/contracts/contracts/interfaces/IERC20.sol","s":{},"b":{},"f":{},"fnMap":{},"statementMap":{},"branchMap":{}},"contracts/interfaces/IERC20Minimal.sol":{"l":{},"path":"/Users/admin/Documents/GitHub/poolpower-project/contracts/contracts/interfaces/IERC20Minimal.sol","s":{},"b":{},"f":{},"fnMap":{},"statementMap":{},"branchMap":{}},"contracts/interfaces/ILootBoxController.sol":{"l":{},"path":"/Users/admin/Documents/GitHub/poolpower-project/contracts/contracts/interfaces/ILootBoxController.sol","s":{},"b":{},"f":{},"fnMap":{},"statementMap":{},"branchMap":{}},"contracts/interfaces/IMinimal.sol":{"l":{},"path":"/Users/admin/Documents/GitHub/poolpower-project/contracts/contracts/interfaces/IMinimal.sol","s":{},"b":{},"f":{},"fnMap":{},"statementMap":{},"branchMap":{}},"contracts/interfaces/IPermitAllowed.sol":{"l":{},"path":"/Users/admin/Documents/GitHub/poolpower-project/contracts/contracts/interfaces/IPermitAllowed.sol","s":{},"b":{},"f":{},"fnMap":{},"statementMap":{},"branchMap":{}},"contracts/interfaces/IPrizePool.sol":{"l":{},"path":"/Users/admin/Documents/GitHub/poolpower-project/contracts/contracts/interfaces/IPrizePool.sol","s":{},"b":{},"f":{},"fnMap":{},"statementMap":{},"branchMap":{}},"contracts/interfaces/IPrizePoolMinimal.sol":{"l":{},"path":"/Users/admin/Documents/GitHub/poolpower-project/contracts/contracts/interfaces/IPrizePoolMinimal.sol","s":{},"b":{},"f":{},"fnMap":{},"statementMap":{},"branchMap":{}},"contracts/interfaces/IPrizeStrategyMinimal.sol":{"l":{},"path":"/Users/admin/Documents/GitHub/poolpower-project/contracts/contracts/interfaces/IPrizeStrategyMinimal.sol","s":{},"b":{},"f":{},"fnMap":{},"statementMap":{},"branchMap":{}},"contracts/interfaces/IWETH.sol":{"l":{},"path":"/Users/admin/Documents/GitHub/poolpower-project/contracts/contracts/interfaces/IWETH.sol","s":{},"b":{},"f":{},"fnMap":{},"statementMap":{},"branchMap":{}},"contracts/interfaces/TokenControllerInterface.sol":{"l":{},"path":"/Users/admin/Documents/GitHub/poolpower-project/contracts/contracts/interfaces/TokenControllerInterface.sol","s":{},"b":{},"f":{},"fnMap":{},"statementMap":{},"branchMap":{}},"contracts/interfaces/TokenFaucet.sol":{"l":{},"path":"/Users/admin/Documents/GitHub/poolpower-project/contracts/contracts/interfaces/TokenFaucet.sol","s":{},"b":{},"f":{},"fnMap":{},"statementMap":{},"branchMap":{}},"contracts/interfaces/TokenListenerInterface.sol":{"l":{},"path":"/Users/admin/Documents/GitHub/poolpower-project/contracts/contracts/interfaces/TokenListenerInterface.sol","s":{},"b":{},"f":{},"fnMap":{},"statementMap":{},"branchMap":{}},"contracts/interfaces/uniswap/IERC20.sol":{"l":{},"path":"/Users/admin/Documents/GitHub/poolpower-project/contracts/contracts/interfaces/uniswap/IERC20.sol","s":{},"b":{},"f":{},"fnMap":{},"statementMap":{},"branchMap":{}},"contracts/interfaces/uniswap/IUniswapV2Callee.sol":{"l":{},"path":"/Users/admin/Documents/GitHub/poolpower-project/contracts/contracts/interfaces/uniswap/IUniswapV2Callee.sol","s":{},"b":{},"f":{},"fnMap":{},"statementMap":{},"branchMap":{}},"contracts/interfaces/uniswap/IUniswapV2ERC20.sol":{"l":{},"path":"/Users/admin/Documents/GitHub/poolpower-project/contracts/contracts/interfaces/uniswap/IUniswapV2ERC20.sol","s":{},"b":{},"f":{},"fnMap":{},"statementMap":{},"branchMap":{}},"contracts/interfaces/uniswap/IUniswapV2Factory.sol":{"l":{},"path":"/Users/admin/Documents/GitHub/poolpower-project/contracts/contracts/interfaces/uniswap/IUniswapV2Factory.sol","s":{},"b":{},"f":{},"fnMap":{},"statementMap":{},"branchMap":{}},"contracts/interfaces/uniswap/IUniswapV2Pair.sol":{"l":{},"path":"/Users/admin/Documents/GitHub/poolpower-project/contracts/contracts/interfaces/uniswap/IUniswapV2Pair.sol","s":{},"b":{},"f":{},"fnMap":{},"statementMap":{},"branchMap":{}},"contracts/interfaces/uniswap/IUniswapV2Router01.sol":{"l":{},"path":"/Users/admin/Documents/GitHub/poolpower-project/contracts/contracts/interfaces/uniswap/IUniswapV2Router01.sol","s":{},"b":{},"f":{},"fnMap":{},"statementMap":{},"branchMap":{}},"contracts/interfaces/uniswap/IUniswapV2Router02.sol":{"l":{},"path":"/Users/admin/Documents/GitHub/poolpower-project/contracts/contracts/interfaces/uniswap/IUniswapV2Router02.sol","s":{},"b":{},"f":{},"fnMap":{},"statementMap":{},"branchMap":{}},"contracts/IPod.sol":{"l":{},"path":"/Users/admin/Documents/GitHub/poolpower-project/contracts/contracts/IPod.sol","s":{},"b":{},"f":{},"fnMap":{},"statementMap":{},"branchMap":{}},"contracts/IPodManager.sol":{"l":{},"path":"/Users/admin/Documents/GitHub/poolpower-project/contracts/contracts/IPodManager.sol","s":{},"b":{},"f":{},"fnMap":{},"statementMap":{},"branchMap":{}},"contracts/Pod.sol":{"l":{"132":0,"136":0,"143":0,"147":0,"171":83,"174":83,"190":83,"193":83,"196":83,"203":82,"204":82,"205":82,"206":82,"209":82,"212":82,"225":0,"240":0,"243":0,"246":0,"248":0,"257":1,"271":13,"274":12,"277":12,"284":12,"287":12,"298":4,"304":3,"307":2,"309":2,"318":6,"321":6,"325":5,"328":3,"331":3,"334":3,"337":3,"345":3,"347":3,"364":0,"372":0,"374":0,"376":0,"396":0,"399":0,"401":0,"417":5,"423":4,"425":4,"427":4,"436":3,"439":3,"442":3,"445":3,"459":84,"465":83,"471":83,"474":83,"476":83,"490":12,"493":12,"494":11,"496":1,"500":12,"503":12,"513":3,"516":2,"519":2,"520":2,"523":2,"525":1,"528":1,"531":1,"535":2,"538":2,"547":1,"550":1,"558":1,"567":1,"580":2,"581":1,"583":1,"597":2,"598":1,"600":1,"610":12,"619":6,"628":2,"637":6,"659":14,"662":14,"665":14},"path":"/Users/admin/Documents/GitHub/poolpower-project/contracts/contracts/Pod.sol","s":{"1":0,"2":0,"3":83,"4":83,"5":83,"6":83,"7":83,"8":82,"9":82,"10":82,"11":82,"12":82,"13":82,"14":0,"15":0,"16":0,"17":0,"18":0,"19":1,"20":13,"21":12,"22":12,"23":12,"24":12,"25":4,"26":3,"27":2,"28":2,"29":6,"30":6,"31":5,"32":3,"33":3,"34":3,"35":3,"36":3,"37":3,"38":0,"39":0,"40":0,"41":0,"42":0,"43":0,"44":0,"45":5,"46":4,"47":4,"48":4,"49":3,"50":3,"51":3,"52":3,"53":84,"54":83,"55":83,"56":83,"57":83,"58":12,"59":12,"60":11,"61":1,"62":12,"63":12,"64":3,"65":2,"66":2,"67":2,"68":2,"69":1,"70":1,"71":1,"72":2,"73":2,"74":1,"75":1,"76":1,"77":1,"78":2,"79":1,"80":1,"81":2,"82":1,"83":1,"84":12,"85":6,"86":2,"87":6,"88":14,"89":14,"90":14},"b":{"1":[0,0],"2":[0,0],"3":[82,1],"4":[0,0],"5":[12,1],"6":[3,1],"7":[5,1],"8":[3,2],"9":[0,0],"10":[4,1],"11":[83,1],"12":[83,0],"13":[11,1],"14":[1,1],"15":[1,1],"16":[1,1]},"f":{"1":0,"2":0,"3":83,"4":0,"5":0,"6":1,"7":13,"8":4,"9":6,"10":0,"11":0,"12":5,"13":3,"14":84,"15":12,"16":3,"17":1,"18":2,"19":2,"20":12,"21":6,"22":2,"23":6,"24":14},"fnMap":{"1":{"name":"onlyManager","line":131,"loc":{"start":{"line":131,"column":4},"end":{"line":137,"column":4}}},"2":{"name":"pauseDepositsDuringAwarding","line":142,"loc":{"start":{"line":142,"column":4},"end":{"line":148,"column":4}}},"3":{"name":"initialize","line":169,"loc":{"start":{"line":163,"column":4},"end":{"line":213,"column":4}}},"4":{"name":"podManager","line":224,"loc":{"start":{"line":224,"column":4},"end":{"line":226,"column":4}}},"5":{"name":"setManager","line":236,"loc":{"start":{"line":233,"column":4},"end":{"line":249,"column":4}}},"6":{"name":"prizePool","line":256,"loc":{"start":{"line":256,"column":4},"end":{"line":258,"column":4}}},"7":{"name":"depositTo","line":266,"loc":{"start":{"line":266,"column":4},"end":{"line":288,"column":4}}},"8":{"name":"withdraw","line":296,"loc":{"start":{"line":296,"column":4},"end":{"line":310,"column":4}}},"9":{"name":"batch","line":317,"loc":{"start":{"line":317,"column":4},"end":{"line":348,"column":4}}},"10":{"name":"withdrawERC20","line":360,"loc":{"start":{"line":357,"column":4},"end":{"line":377,"column":4}}},"11":{"name":"withdrawERC721","line":392,"loc":{"start":{"line":389,"column":4},"end":{"line":402,"column":4}}},"12":{"name":"claim","line":411,"loc":{"start":{"line":411,"column":4},"end":{"line":428,"column":4}}},"13":{"name":"claimPodPool","line":435,"loc":{"start":{"line":435,"column":4},"end":{"line":446,"column":4}}},"14":{"name":"setTokenDrop","line":455,"loc":{"start":{"line":455,"column":4},"end":{"line":477,"column":4}}},"15":{"name":"_deposit","line":489,"loc":{"start":{"line":489,"column":4},"end":{"line":504,"column":4}}},"16":{"name":"_burnShares","line":511,"loc":{"start":{"line":511,"column":4},"end":{"line":539,"column":4}}},"17":{"name":"_withdrawFromPool","line":546,"loc":{"start":{"line":546,"column":4},"end":{"line":568,"column":4}}},"18":{"name":"getPricePerShare","line":578,"loc":{"start":{"line":578,"column":4},"end":{"line":585,"column":4}}},"19":{"name":"getUserPricePerShare","line":591,"loc":{"start":{"line":591,"column":4},"end":{"line":602,"column":4}}},"20":{"name":"vaultTokenBalance","line":609,"loc":{"start":{"line":609,"column":4},"end":{"line":611,"column":4}}},"21":{"name":"vaultTicketBalance","line":618,"loc":{"start":{"line":618,"column":4},"end":{"line":620,"column":4}}},"22":{"name":"vaultPoolBalance","line":627,"loc":{"start":{"line":627,"column":4},"end":{"line":629,"column":4}}},"23":{"name":"balance","line":636,"loc":{"start":{"line":636,"column":4},"end":{"line":638,"column":4}}},"24":{"name":"_beforeTokenTransfer","line":653,"loc":{"start":{"line":653,"column":4},"end":{"line":666,"column":4}}}},"statementMap":{"1":{"start":{"line":132,"column":8},"end":{"line":132,"column":4206}},"2":{"start":{"line":143,"column":8},"end":{"line":143,"column":4513}},"3":{"start":{"line":171,"column":8},"end":{"line":171,"column":48}},"4":{"start":{"line":174,"column":8},"end":{"line":174,"column":5731}},"5":{"start":{"line":190,"column":8},"end":{"line":190,"column":33}},"6":{"start":{"line":193,"column":8},"end":{"line":193,"column":54}},"7":{"start":{"line":196,"column":8},"end":{"line":196,"column":6351}},"8":{"start":{"line":203,"column":8},"end":{"line":203,"column":52}},"9":{"start":{"line":204,"column":8},"end":{"line":204,"column":45}},"10":{"start":{"line":205,"column":8},"end":{"line":205,"column":38}},"11":{"start":{"line":206,"column":8},"end":{"line":206,"column":36}},"12":{"start":{"line":209,"column":8},"end":{"line":209,"column":38}},"13":{"start":{"line":212,"column":8},"end":{"line":212,"column":27}},"14":{"start":{"line":225,"column":8},"end":{"line":225,"column":31}},"15":{"start":{"line":240,"column":8},"end":{"line":240,"column":77}},"16":{"start":{"line":243,"column":8},"end":{"line":243,"column":73}},"17":{"start":{"line":246,"column":8},"end":{"line":246,"column":27}},"18":{"start":{"line":248,"column":8},"end":{"line":248,"column":19}},"19":{"start":{"line":257,"column":8},"end":{"line":257,"column":34}},"20":{"start":{"line":271,"column":8},"end":{"line":271,"column":53}},"21":{"start":{"line":274,"column":8},"end":{"line":274,"column":50}},"22":{"start":{"line":277,"column":8},"end":{"line":277,"column":8787}},"23":{"start":{"line":284,"column":8},"end":{"line":284,"column":47}},"24":{"start":{"line":287,"column":8},"end":{"line":287,"column":21}},"25":{"start":{"line":298,"column":8},"end":{"line":298,"column":9538}},"26":{"start":{"line":304,"column":8},"end":{"line":304,"column":49}},"27":{"start":{"line":307,"column":8},"end":{"line":307,"column":55}},"28":{"start":{"line":309,"column":8},"end":{"line":309,"column":21}},"29":{"start":{"line":318,"column":8},"end":{"line":318,"column":50}},"30":{"start":{"line":321,"column":8},"end":{"line":321,"column":58}},"31":{"start":{"line":325,"column":8},"end":{"line":325,"column":77}},"32":{"start":{"line":328,"column":8},"end":{"line":328,"column":43}},"33":{"start":{"line":331,"column":8},"end":{"line":331,"column":35}},"34":{"start":{"line":334,"column":8},"end":{"line":334,"column":55}},"35":{"start":{"line":337,"column":8},"end":{"line":337,"column":10826}},"36":{"start":{"line":345,"column":8},"end":{"line":345,"column":49}},"37":{"start":{"line":347,"column":8},"end":{"line":347,"column":19}},"38":{"start":{"line":364,"column":8},"end":{"line":364,"column":11627}},"39":{"start":{"line":372,"column":8},"end":{"line":372,"column":43}},"40":{"start":{"line":374,"column":8},"end":{"line":374,"column":53}},"41":{"start":{"line":376,"column":8},"end":{"line":376,"column":19}},"42":{"start":{"line":396,"column":8},"end":{"line":396,"column":63}},"43":{"start":{"line":399,"column":8},"end":{"line":399,"column":55}},"44":{"start":{"line":401,"column":8},"end":{"line":401,"column":19}},"45":{"start":{"line":417,"column":8},"end":{"line":417,"column":13272}},"46":{"start":{"line":423,"column":8},"end":{"line":423,"column":52}},"47":{"start":{"line":425,"column":8},"end":{"line":425,"column":36}},"48":{"start":{"line":427,"column":8},"end":{"line":427,"column":23}},"49":{"start":{"line":436,"column":8},"end":{"line":436,"column":60}},"50":{"start":{"line":439,"column":8},"end":{"line":439,"column":50}},"51":{"start":{"line":442,"column":8},"end":{"line":442,"column":41}},"52":{"start":{"line":445,"column":8},"end":{"line":445,"column":29}},"53":{"start":{"line":459,"column":8},"end":{"line":459,"column":14436}},"54":{"start":{"line":465,"column":8},"end":{"line":465,"column":14624}},"55":{"start":{"line":471,"column":8},"end":{"line":471,"column":35}},"56":{"start":{"line":474,"column":8},"end":{"line":474,"column":27}},"57":{"start":{"line":476,"column":8},"end":{"line":476,"column":19}},"58":{"start":{"line":490,"column":8},"end":{"line":490,"column":30}},"59":{"start":{"line":493,"column":8},"end":{"line":493,"column":15494}},"60":{"start":{"line":494,"column":12},"end":{"line":494,"column":30}},"61":{"start":{"line":496,"column":12},"end":{"line":496,"column":66}},"62":{"start":{"line":500,"column":8},"end":{"line":500,"column":30}},"63":{"start":{"line":503,"column":8},"end":{"line":503,"column":25}},"64":{"start":{"line":513,"column":8},"end":{"line":513,"column":67}},"65":{"start":{"line":516,"column":8},"end":{"line":516,"column":32}},"66":{"start":{"line":519,"column":8},"end":{"line":519,"column":59}},"67":{"start":{"line":520,"column":8},"end":{"line":520,"column":64}},"68":{"start":{"line":523,"column":8},"end":{"line":523,"column":16535}},"69":{"start":{"line":525,"column":12},"end":{"line":525,"column":58}},"70":{"start":{"line":528,"column":12},"end":{"line":528,"column":58}},"71":{"start":{"line":531,"column":12},"end":{"line":531,"column":39}},"72":{"start":{"line":535,"column":8},"end":{"line":535,"column":42}},"73":{"start":{"line":538,"column":8},"end":{"line":538,"column":21}},"74":{"start":{"line":547,"column":8},"end":{"line":547,"column":49}},"75":{"start":{"line":550,"column":8},"end":{"line":550,"column":17522}},"76":{"start":{"line":558,"column":8},"end":{"line":558,"column":17733}},"77":{"start":{"line":567,"column":8},"end":{"line":567,"column":26}},"78":{"start":{"line":580,"column":8},"end":{"line":580,"column":18507}},"79":{"start":{"line":581,"column":12},"end":{"line":581,"column":57}},"80":{"start":{"line":583,"column":12},"end":{"line":583,"column":20}},"81":{"start":{"line":597,"column":8},"end":{"line":597,"column":19052}},"82":{"start":{"line":598,"column":12},"end":{"line":598,"column":59}},"83":{"start":{"line":600,"column":12},"end":{"line":600,"column":20}},"84":{"start":{"line":610,"column":8},"end":{"line":610,"column":45}},"85":{"start":{"line":619,"column":8},"end":{"line":619,"column":46}},"86":{"start":{"line":628,"column":8},"end":{"line":628,"column":44}},"87":{"start":{"line":637,"column":8},"end":{"line":637,"column":60}},"88":{"start":{"line":659,"column":8},"end":{"line":659,"column":51}},"89":{"start":{"line":662,"column":8},"end":{"line":662,"column":56}},"90":{"start":{"line":665,"column":8},"end":{"line":665,"column":40}}},"branchMap":{"1":{"line":132,"type":"if","locations":[{"start":{"line":132,"column":8},"end":{"line":132,"column":8}},{"start":{"line":132,"column":8},"end":{"line":132,"column":8}}]},"2":{"line":143,"type":"if","locations":[{"start":{"line":143,"column":8},"end":{"line":143,"column":8}},{"start":{"line":143,"column":8},"end":{"line":143,"column":8}}]},"3":{"line":196,"type":"if","locations":[{"start":{"line":196,"column":8},"end":{"line":196,"column":8}},{"start":{"line":196,"column":8},"end":{"line":196,"column":8}}]},"4":{"line":240,"type":"if","locations":[{"start":{"line":240,"column":8},"end":{"line":240,"column":8}},{"start":{"line":240,"column":8},"end":{"line":240,"column":8}}]},"5":{"line":271,"type":"if","locations":[{"start":{"line":271,"column":8},"end":{"line":271,"column":8}},{"start":{"line":271,"column":8},"end":{"line":271,"column":8}}]},"6":{"line":298,"type":"if","locations":[{"start":{"line":298,"column":8},"end":{"line":298,"column":8}},{"start":{"line":298,"column":8},"end":{"line":298,"column":8}}]},"7":{"line":321,"type":"if","locations":[{"start":{"line":321,"column":8},"end":{"line":321,"column":8}},{"start":{"line":321,"column":8},"end":{"line":321,"column":8}}]},"8":{"line":325,"type":"if","locations":[{"start":{"line":325,"column":8},"end":{"line":325,"column":8}},{"start":{"line":325,"column":8},"end":{"line":325,"column":8}}]},"9":{"line":364,"type":"if","locations":[{"start":{"line":364,"column":8},"end":{"line":364,"column":8}},{"start":{"line":364,"column":8},"end":{"line":364,"column":8}}]},"10":{"line":417,"type":"if","locations":[{"start":{"line":417,"column":8},"end":{"line":417,"column":8}},{"start":{"line":417,"column":8},"end":{"line":417,"column":8}}]},"11":{"line":459,"type":"if","locations":[{"start":{"line":459,"column":8},"end":{"line":459,"column":8}},{"start":{"line":459,"column":8},"end":{"line":459,"column":8}}]},"12":{"line":465,"type":"if","locations":[{"start":{"line":465,"column":8},"end":{"line":465,"column":8}},{"start":{"line":465,"column":8},"end":{"line":465,"column":8}}]},"13":{"line":493,"type":"if","locations":[{"start":{"line":493,"column":8},"end":{"line":493,"column":8}},{"start":{"line":493,"column":8},"end":{"line":493,"column":8}}]},"14":{"line":523,"type":"if","locations":[{"start":{"line":523,"column":8},"end":{"line":523,"column":8}},{"start":{"line":523,"column":8},"end":{"line":523,"column":8}}]},"15":{"line":580,"type":"if","locations":[{"start":{"line":580,"column":8},"end":{"line":580,"column":8}},{"start":{"line":580,"column":8},"end":{"line":580,"column":8}}]},"16":{"line":597,"type":"if","locations":[{"start":{"line":597,"column":8},"end":{"line":597,"column":8}},{"start":{"line":597,"column":8},"end":{"line":597,"column":8}}]}}},"contracts/PodFactory.sol":{"l":{"54":120,"57":120,"78":83,"81":83,"84":82,"86":82,"89":82,"92":82,"95":82},"path":"/Users/admin/Documents/GitHub/poolpower-project/contracts/contracts/PodFactory.sol","s":{"1":120,"2":120,"3":83,"4":83,"5":82,"6":82,"7":82,"8":82,"9":82},"b":{},"f":{"1":120,"2":83},"fnMap":{"1":{"name":"constructor","line":52,"loc":{"start":{"line":52,"column":4},"end":{"line":58,"column":4}}},"2":{"name":"create","line":70,"loc":{"start":{"line":70,"column":4},"end":{"line":96,"column":4}}}},"statementMap":{"1":{"start":{"line":54,"column":8},"end":{"line":54,"column":30}},"2":{"start":{"line":57,"column":8},"end":{"line":57,"column":43}},"3":{"start":{"line":78,"column":8},"end":{"line":78,"column":62}},"4":{"start":{"line":81,"column":8},"end":{"line":81,"column":74}},"5":{"start":{"line":84,"column":8},"end":{"line":84,"column":40}},"6":{"start":{"line":86,"column":8},"end":{"line":86,"column":74}},"7":{"start":{"line":89,"column":8},"end":{"line":89,"column":65}},"8":{"start":{"line":92,"column":8},"end":{"line":92,"column":72}},"9":{"start":{"line":95,"column":8},"end":{"line":95,"column":49}}},"branchMap":{}},"contracts/TokenDrop.sol":{"l":{"82":0,"83":86,"86":86,"105":86,"106":14,"109":14,"112":14,"113":14,"125":0,"128":6,"131":6,"140":6,"141":4,"142":4,"143":4,"144":4,"147":4,"150":4,"152":4,"163":4,"164":24,"167":24,"169":24,"172":5,"173":5,"175":1,"178":1,"179":1,"184":1,"187":5,"201":24,"202":20,"204":20,"206":18,"210":2,"211":2,"219":2,"224":2,"232":2},"path":"/Users/admin/Documents/GitHub/poolpower-project/contracts/contracts/TokenDrop.sol","s":{"1":86,"2":86,"3":86,"4":14,"5":14,"6":14,"7":14,"8":2,"9":6,"10":6,"11":6,"12":4,"13":4,"14":4,"15":4,"16":4,"17":4,"18":4,"19":4,"20":24,"21":24,"22":24,"23":5,"24":5,"25":1,"26":1,"27":1,"28":1,"29":4,"30":19,"31":20,"32":20,"33":18,"34":2,"35":2,"36":2,"37":2,"38":2,"39":1},"b":{"1":[14,2],"2":[14,2],"3":[24,5],"4":[5,1],"5":[20,18]},"f":{"1":0,"2":86,"3":12,"4":6,"5":4,"6":24,"7":2},"fnMap":{"1":{"name":"initialize","line":81,"loc":{"start":{"line":81,"column":4},"end":{"line":87,"column":4}}},"2":{"name":"beforeTokenTransfer","line":99,"loc":{"start":{"line":99,"column":4},"end":{"line":116,"column":4}}},"3":{"name":"addAssetToken","line":123,"loc":{"start":{"line":123,"column":4},"end":{"line":132,"column":4}}},"4":{"name":"claim","line":139,"loc":{"start":{"line":139,"column":4},"end":{"line":153,"column":4}}},"5":{"name":"drop","line":162,"loc":{"start":{"line":162,"column":4},"end":{"line":188,"column":4}}},"6":{"name":"_captureNewTokensForUser","line":200,"loc":{"start":{"line":200,"column":4},"end":{"line":225,"column":4}}},"7":{"name":"supportsInterface","line":227,"loc":{"start":{"line":227,"column":4},"end":{"line":233,"column":4}}}},"statementMap":{"1":{"start":{"line":82,"column":8},"end":{"line":82,"column":44}},"2":{"start":{"line":83,"column":8},"end":{"line":83,"column":40}},"3":{"start":{"line":86,"column":8},"end":{"line":86,"column":27}},"4":{"start":{"line":105,"column":8},"end":{"line":105,"column":3561}},"5":{"start":{"line":106,"column":12},"end":{"line":106,"column":17}},"6":{"start":{"line":109,"column":12},"end":{"line":109,"column":39}},"7":{"start":{"line":112,"column":12},"end":{"line":112,"column":3775}},"8":{"start":{"line":113,"column":16},"end":{"line":113,"column":45}},"9":{"start":{"line":125,"column":8},"end":{"line":125,"column":60}},"10":{"start":{"line":128,"column":8},"end":{"line":128,"column":13}},"11":{"start":{"line":131,"column":8},"end":{"line":131,"column":19}},"12":{"start":{"line":140,"column":8},"end":{"line":140,"column":13}},"13":{"start":{"line":141,"column":8},"end":{"line":141,"column":37}},"14":{"start":{"line":142,"column":8},"end":{"line":142,"column":50}},"15":{"start":{"line":143,"column":8},"end":{"line":143,"column":35}},"16":{"start":{"line":144,"column":8},"end":{"line":144,"column":72}},"17":{"start":{"line":147,"column":8},"end":{"line":147,"column":36}},"18":{"start":{"line":150,"column":8},"end":{"line":150,"column":35}},"19":{"start":{"line":152,"column":8},"end":{"line":152,"column":22}},"20":{"start":{"line":163,"column":8},"end":{"line":163,"column":65}},"21":{"start":{"line":164,"column":8},"end":{"line":164,"column":64}},"22":{"start":{"line":167,"column":8},"end":{"line":167,"column":5390}},"23":{"start":{"line":169,"column":12},"end":{"line":169,"column":62}},"24":{"start":{"line":172,"column":12},"end":{"line":172,"column":5584}},"25":{"start":{"line":173,"column":16},"end":{"line":173,"column":5697}},"26":{"start":{"line":175,"column":16},"end":{"line":175,"column":5817}},"27":{"start":{"line":178,"column":16},"end":{"line":178,"column":74}},"28":{"start":{"line":179,"column":16},"end":{"line":179,"column":5979}},"29":{"start":{"line":184,"column":12},"end":{"line":184,"column":35}},"30":{"start":{"line":187,"column":8},"end":{"line":187,"column":24}},"31":{"start":{"line":201,"column":8},"end":{"line":201,"column":54}},"32":{"start":{"line":202,"column":8},"end":{"line":202,"column":6720}},"33":{"start":{"line":204,"column":12},"end":{"line":204,"column":20}},"34":{"start":{"line":206,"column":8},"end":{"line":206,"column":6878}},"35":{"start":{"line":210,"column":8},"end":{"line":210,"column":60}},"36":{"start":{"line":211,"column":8},"end":{"line":211,"column":7112}},"37":{"start":{"line":219,"column":8},"end":{"line":219,"column":7308}},"38":{"start":{"line":224,"column":8},"end":{"line":224,"column":24}},"39":{"start":{"line":232,"column":8},"end":{"line":232,"column":19}}},"branchMap":{"1":{"line":105,"type":"if","locations":[{"start":{"line":105,"column":8},"end":{"line":105,"column":8}},{"start":{"line":105,"column":8},"end":{"line":105,"column":8}}]},"2":{"line":112,"type":"if","locations":[{"start":{"line":112,"column":12},"end":{"line":112,"column":12}},{"start":{"line":112,"column":12},"end":{"line":112,"column":12}}]},"3":{"line":167,"type":"if","locations":[{"start":{"line":167,"column":8},"end":{"line":167,"column":8}},{"start":{"line":167,"column":8},"end":{"line":167,"column":8}}]},"4":{"line":172,"type":"if","locations":[{"start":{"line":172,"column":12},"end":{"line":172,"column":12}},{"start":{"line":172,"column":12},"end":{"line":172,"column":12}}]},"5":{"line":202,"type":"if","locations":[{"start":{"line":202,"column":8},"end":{"line":202,"column":8}},{"start":{"line":202,"column":8},"end":{"line":202,"column":8}}]}}},"contracts/TokenDropFactory.sol":{"l":{"35":0,"46":120,"50":86,"53":86},"path":"/Users/admin/Documents/GitHub/poolpower-project/contracts/contracts/TokenDropFactory.sol","s":{"1":120,"2":86,"3":86,"4":86},"b":{},"f":{"1":0,"2":120},"fnMap":{"1":{"name":"constructor","line":33,"loc":{"start":{"line":33,"column":4},"end":{"line":36,"column":4}}},"2":{"name":"create","line":41,"loc":{"start":{"line":41,"column":4},"end":{"line":54,"column":4}}}},"statementMap":{"1":{"start":{"line":35,"column":8},"end":{"line":35,"column":42}},"2":{"start":{"line":46,"column":8},"end":{"line":46,"column":1506}},"3":{"start":{"line":50,"column":8},"end":{"line":50,"column":45}},"4":{"start":{"line":53,"column":8},"end":{"line":53,"column":24}}},"branchMap":{}}}