{
"contracts/interfaces/ControlledTokenInterface.sol":{"l":{},"path":"/Users/admin/Documents/GitHub/poolpower-project/generator/contracts/contracts/interfaces/ControlledTokenInterface.sol","s":{},"b":{},"f":{},"fnMap":{},"statementMap":{},"branchMap":{}},
"contracts/interfaces/IERC20.sol":{"l":{},"path":"/Users/admin/Documents/GitHub/poolpower-project/generator/contracts/contracts/interfaces/IERC20.sol","s":{},"b":{},"f":{},"fnMap":{},"statementMap":{},"branchMap":{}},
"contracts/interfaces/IERC20Minimal.sol":{"l":{},"path":"/Users/admin/Documents/GitHub/poolpower-project/generator/contracts/contracts/interfaces/IERC20Minimal.sol","s":{},"b":{},"f":{},"fnMap":{},"statementMap":{},"branchMap":{}},
"contracts/interfaces/ILootBoxController.sol":{"l":{},"path":"/Users/admin/Documents/GitHub/poolpower-project/generator/contracts/contracts/interfaces/ILootBoxController.sol","s":{},"b":{},"f":{},"fnMap":{},"statementMap":{},"branchMap":{}},
"contracts/interfaces/IMinimal.sol":{"l":{},"path":"/Users/admin/Documents/GitHub/poolpower-project/generator/contracts/contracts/interfaces/IMinimal.sol","s":{},"b":{},"f":{},"fnMap":{},"statementMap":{},"branchMap":{}},
"contracts/interfaces/IPermitAllowed.sol":{"l":{},"path":"/Users/admin/Documents/GitHub/poolpower-project/generator/contracts/contracts/interfaces/IPermitAllowed.sol","s":{},"b":{},"f":{},"fnMap":{},"statementMap":{},"branchMap":{}},
"contracts/interfaces/IPrizePool.sol":{"l":{},"path":"/Users/admin/Documents/GitHub/poolpower-project/generator/contracts/contracts/interfaces/IPrizePool.sol","s":{},"b":{},"f":{},"fnMap":{},"statementMap":{},"branchMap":{}},
"contracts/interfaces/IPrizePoolMinimal.sol":{"l":{},"path":"/Users/admin/Documents/GitHub/poolpower-project/generator/contracts/contracts/interfaces/IPrizePoolMinimal.sol","s":{},"b":{},"f":{},"fnMap":{},"statementMap":{},"branchMap":{}},
"contracts/interfaces/IPrizeStrategyMinimal.sol":{"l":{},"path":"/Users/admin/Documents/GitHub/poolpower-project/generator/contracts/contracts/interfaces/IPrizeStrategyMinimal.sol","s":{},"b":{},"f":{},"fnMap":{},"statementMap":{},"branchMap":{}},
"contracts/interfaces/IWETH.sol":{"l":{},"path":"/Users/admin/Documents/GitHub/poolpower-project/generator/contracts/contracts/interfaces/IWETH.sol","s":{},"b":{},"f":{},"fnMap":{},"statementMap":{},"branchMap":{}},
"contracts/interfaces/TokenControllerInterface.sol":{"l":{},"path":"/Users/admin/Documents/GitHub/poolpower-project/generator/contracts/contracts/interfaces/TokenControllerInterface.sol","s":{},"b":{},"f":{},"fnMap":{},"statementMap":{},"branchMap":{}},
"contracts/interfaces/TokenFaucet.sol":{"l":{},"path":"/Users/admin/Documents/GitHub/poolpower-project/generator/contracts/contracts/interfaces/TokenFaucet.sol","s":{},"b":{},"f":{},"fnMap":{},"statementMap":{},"branchMap":{}},
"contracts/interfaces/TokenListenerInterface.sol":{"l":{},"path":"/Users/admin/Documents/GitHub/poolpower-project/generator/contracts/contracts/interfaces/TokenListenerInterface.sol","s":{},"b":{},"f":{},"fnMap":{},"statementMap":{},"branchMap":{}},
"contracts/interfaces/uniswap/IERC20.sol":{"l":{},"path":"/Users/admin/Documents/GitHub/poolpower-project/generator/contracts/contracts/interfaces/uniswap/IERC20.sol","s":{},"b":{},"f":{},"fnMap":{},"statementMap":{},"branchMap":{}},
"contracts/interfaces/uniswap/IUniswapV2Callee.sol":{"l":{},"path":"/Users/admin/Documents/GitHub/poolpower-project/generator/contracts/contracts/interfaces/uniswap/IUniswapV2Callee.sol","s":{},"b":{},"f":{},"fnMap":{},"statementMap":{},"branchMap":{}},
"contracts/interfaces/uniswap/IUniswapV2ERC20.sol":{"l":{},"path":"/Users/admin/Documents/GitHub/poolpower-project/generator/contracts/contracts/interfaces/uniswap/IUniswapV2ERC20.sol","s":{},"b":{},"f":{},"fnMap":{},"statementMap":{},"branchMap":{}},
"contracts/interfaces/uniswap/IUniswapV2Factory.sol":{"l":{},"path":"/Users/admin/Documents/GitHub/poolpower-project/generator/contracts/contracts/interfaces/uniswap/IUniswapV2Factory.sol","s":{},"b":{},"f":{},"fnMap":{},"statementMap":{},"branchMap":{}},
"contracts/interfaces/uniswap/IUniswapV2Pair.sol":{"l":{},"path":"/Users/admin/Documents/GitHub/poolpower-project/generator/contracts/contracts/interfaces/uniswap/IUniswapV2Pair.sol","s":{},"b":{},"f":{},"fnMap":{},"statementMap":{},"branchMap":{}},
"contracts/interfaces/uniswap/IUniswapV2Router01.sol":{"l":{},"path":"/Users/admin/Documents/GitHub/poolpower-project/generator/contracts/contracts/interfaces/uniswap/IUniswapV2Router01.sol","s":{},"b":{},"f":{},"fnMap":{},"statementMap":{},"branchMap":{}},
"contracts/interfaces/uniswap/IUniswapV2Router02.sol":{"l":{},"path":"/Users/admin/Documents/GitHub/poolpower-project/generator/contracts/contracts/interfaces/uniswap/IUniswapV2Router02.sol","s":{},"b":{},"f":{},"fnMap":{},"statementMap":{},"branchMap":{}},
"contracts/IPod.sol":{"l":{},"path":"/Users/admin/Documents/GitHub/poolpower-project/generator/contracts/contracts/IPod.sol","s":{},"b":{},"f":{},"fnMap":{},"statementMap":{},"branchMap":{}},
"contracts/IPodManager.sol":{"l":{},"path":"/Users/admin/Documents/GitHub/poolpower-project/generator/contracts/contracts/IPodManager.sol","s":{},"b":{},"f":{},"fnMap":{},"statementMap":{},"branchMap":{}},
"contracts/Pod.sol":{"l":{"122":0,"126":0,"133":13,"137":13,"161":83,"164":83,"180":83,"183":83,"186":83,"193":82,"194":82,"195":82,"196":82,"199":82,"202":82,"215":0,"230":0,"233":0,"236":0,"238":0,"247":1,"262":13,"265":12,"268":12,"275":12,"278":12,"281":12,"292":4,"298":3,"301":2,"303":2,"312":6,"315":6,"319":5,"322":3,"325":3,"328":3,"331":3,"339":3,"341":3,"358":0,"366":0,"368":0,"370":0,"390":0,"393":0,"395":0,"406":5,"408":5,"410":5,"419":3,"422":3,"425":3,"428":3,"438":84,"444":83,"446":83,"459":12,"462":12,"463":11,"465":1,"469":12,"479":3,"482":2,"485":2,"486":2,"489":2,"491":1,"494":1,"497":1,"501":2,"504":2,"513":1,"516":1,"524":1,"533":1,"546":2,"547":1,"549":1,"563":2,"564":1,"566":1,"576":12,"585":6,"594":2,"603":6,"625":14,"628":14,"631":14},"path":"/Users/admin/Documents/GitHub/poolpower-project/generator/contracts/contracts/Pod.sol","s":{"1":0,"2":13,"3":83,"4":83,"5":83,"6":83,"7":83,"8":82,"9":82,"10":82,"11":82,"12":82,"13":82,"14":0,"15":0,"16":0,"17":0,"18":0,"19":1,"20":13,"21":12,"22":12,"23":12,"24":12,"25":12,"26":4,"27":3,"28":2,"29":2,"30":6,"31":6,"32":5,"33":3,"34":3,"35":3,"36":3,"37":3,"38":3,"39":0,"40":0,"41":0,"42":0,"43":0,"44":0,"45":0,"46":5,"47":5,"48":5,"49":3,"50":3,"51":3,"52":3,"53":84,"54":83,"55":83,"56":12,"57":12,"58":11,"59":1,"60":12,"61":3,"62":2,"63":2,"64":2,"65":2,"66":1,"67":1,"68":1,"69":2,"70":2,"71":1,"72":1,"73":1,"74":1,"75":2,"76":1,"77":1,"78":2,"79":1,"80":1,"81":12,"82":6,"83":2,"84":6,"85":14,"86":14,"87":14},"b":{"1":[0,0],"2":[13,0],"3":[82,1],"4":[0,0],"5":[12,1],"6":[3,1],"7":[5,1],"8":[3,2],"9":[0,0],"10":[83,1],"11":[11,1],"12":[1,1],"13":[1,1],"14":[1,1]},"f":{"1":0,"2":13,"3":83,"4":0,"5":0,"6":1,"7":13,"8":4,"9":6,"10":0,"11":0,"12":5,"13":3,"14":84,"15":12,"16":3,"17":1,"18":2,"19":2,"20":12,"21":6,"22":2,"23":6,"24":14},"fnMap":{"1":{"name":"onlyManager","line":121,"loc":{"start":{"line":121,"column":4},"end":{"line":127,"column":4}}},"2":{"name":"pauseDepositsDuringAwarding","line":132,"loc":{"start":{"line":132,"column":4},"end":{"line":138,"column":4}}},"3":{"name":"initialize","line":159,"loc":{"start":{"line":153,"column":4},"end":{"line":203,"column":4}}},"4":{"name":"podManager","line":214,"loc":{"start":{"line":214,"column":4},"end":{"line":216,"column":4}}},"5":{"name":"setManager","line":226,"loc":{"start":{"line":223,"column":4},"end":{"line":239,"column":4}}},"6":{"name":"prizePool","line":246,"loc":{"start":{"line":246,"column":4},"end":{"line":248,"column":4}}},"7":{"name":"depositTo","line":259,"loc":{"start":{"line":256,"column":4},"end":{"line":282,"column":4}}},"8":{"name":"withdraw","line":290,"loc":{"start":{"line":290,"column":4},"end":{"line":304,"column":4}}},"9":{"name":"batch","line":311,"loc":{"start":{"line":311,"column":4},"end":{"line":342,"column":4}}},"10":{"name":"withdrawERC20","line":354,"loc":{"start":{"line":351,"column":4},"end":{"line":371,"column":4}}},"11":{"name":"withdrawERC721","line":386,"loc":{"start":{"line":383,"column":4},"end":{"line":396,"column":4}}},"12":{"name":"claim","line":404,"loc":{"start":{"line":404,"column":4},"end":{"line":411,"column":4}}},"13":{"name":"claimPodPool","line":418,"loc":{"start":{"line":418,"column":4},"end":{"line":429,"column":4}}},"14":{"name":"setTokenDrop","line":437,"loc":{"start":{"line":437,"column":4},"end":{"line":447,"column":4}}},"15":{"name":"_calculateAllocation","line":458,"loc":{"start":{"line":458,"column":4},"end":{"line":470,"column":4}}},"16":{"name":"_burnShares","line":477,"loc":{"start":{"line":477,"column":4},"end":{"line":505,"column":4}}},"17":{"name":"_withdrawFromPool","line":512,"loc":{"start":{"line":512,"column":4},"end":{"line":534,"column":4}}},"18":{"name":"getPricePerShare","line":544,"loc":{"start":{"line":544,"column":4},"end":{"line":551,"column":4}}},"19":{"name":"getUserPricePerShare","line":557,"loc":{"start":{"line":557,"column":4},"end":{"line":568,"column":4}}},"20":{"name":"vaultTokenBalance","line":575,"loc":{"start":{"line":575,"column":4},"end":{"line":577,"column":4}}},"21":{"name":"vaultTicketBalance","line":584,"loc":{"start":{"line":584,"column":4},"end":{"line":586,"column":4}}},"22":{"name":"vaultPoolBalance","line":593,"loc":{"start":{"line":593,"column":4},"end":{"line":595,"column":4}}},"23":{"name":"balance","line":602,"loc":{"start":{"line":602,"column":4},"end":{"line":604,"column":4}}},"24":{"name":"_beforeTokenTransfer","line":619,"loc":{"start":{"line":619,"column":4},"end":{"line":632,"column":4}}}},"statementMap":{"1":{"start":{"line":122,"column":8},"end":{"line":122,"column":3746}},"2":{"start":{"line":133,"column":8},"end":{"line":133,"column":4053}},"3":{"start":{"line":161,"column":8},"end":{"line":161,"column":48}},"4":{"start":{"line":164,"column":8},"end":{"line":164,"column":5271}},"5":{"start":{"line":180,"column":8},"end":{"line":180,"column":33}},"6":{"start":{"line":183,"column":8},"end":{"line":183,"column":54}},"7":{"start":{"line":186,"column":8},"end":{"line":186,"column":5891}},"8":{"start":{"line":193,"column":8},"end":{"line":193,"column":52}},"9":{"start":{"line":194,"column":8},"end":{"line":194,"column":45}},"10":{"start":{"line":195,"column":8},"end":{"line":195,"column":38}},"11":{"start":{"line":196,"column":8},"end":{"line":196,"column":36}},"12":{"start":{"line":199,"column":8},"end":{"line":199,"column":38}},"13":{"start":{"line":202,"column":8},"end":{"line":202,"column":27}},"14":{"start":{"line":215,"column":8},"end":{"line":215,"column":31}},"15":{"start":{"line":230,"column":8},"end":{"line":230,"column":77}},"16":{"start":{"line":233,"column":8},"end":{"line":233,"column":73}},"17":{"start":{"line":236,"column":8},"end":{"line":236,"column":27}},"18":{"start":{"line":238,"column":8},"end":{"line":238,"column":19}},"19":{"start":{"line":247,"column":8},"end":{"line":247,"column":34}},"20":{"start":{"line":262,"column":8},"end":{"line":262,"column":53}},"21":{"start":{"line":265,"column":8},"end":{"line":265,"column":58}},"22":{"start":{"line":268,"column":8},"end":{"line":268,"column":8371}},"23":{"start":{"line":275,"column":8},"end":{"line":275,"column":24}},"24":{"start":{"line":278,"column":8},"end":{"line":278,"column":47}},"25":{"start":{"line":281,"column":8},"end":{"line":281,"column":21}},"26":{"start":{"line":292,"column":8},"end":{"line":292,"column":9182}},"27":{"start":{"line":298,"column":8},"end":{"line":298,"column":49}},"28":{"start":{"line":301,"column":8},"end":{"line":301,"column":55}},"29":{"start":{"line":303,"column":8},"end":{"line":303,"column":21}},"30":{"start":{"line":312,"column":8},"end":{"line":312,"column":50}},"31":{"start":{"line":315,"column":8},"end":{"line":315,"column":58}},"32":{"start":{"line":319,"column":8},"end":{"line":319,"column":77}},"33":{"start":{"line":322,"column":8},"end":{"line":322,"column":43}},"34":{"start":{"line":325,"column":8},"end":{"line":325,"column":35}},"35":{"start":{"line":328,"column":8},"end":{"line":328,"column":55}},"36":{"start":{"line":331,"column":8},"end":{"line":331,"column":10470}},"37":{"start":{"line":339,"column":8},"end":{"line":339,"column":49}},"38":{"start":{"line":341,"column":8},"end":{"line":341,"column":19}},"39":{"start":{"line":358,"column":8},"end":{"line":358,"column":11271}},"40":{"start":{"line":366,"column":8},"end":{"line":366,"column":47}},"41":{"start":{"line":368,"column":8},"end":{"line":368,"column":53}},"42":{"start":{"line":370,"column":8},"end":{"line":370,"column":19}},"43":{"start":{"line":390,"column":8},"end":{"line":390,"column":63}},"44":{"start":{"line":393,"column":8},"end":{"line":393,"column":55}},"45":{"start":{"line":395,"column":8},"end":{"line":395,"column":19}},"46":{"start":{"line":406,"column":8},"end":{"line":406,"column":43}},"47":{"start":{"line":408,"column":8},"end":{"line":408,"column":36}},"48":{"start":{"line":410,"column":8},"end":{"line":410,"column":23}},"49":{"start":{"line":419,"column":8},"end":{"line":419,"column":60}},"50":{"start":{"line":422,"column":8},"end":{"line":422,"column":50}},"51":{"start":{"line":425,"column":8},"end":{"line":425,"column":41}},"52":{"start":{"line":428,"column":8},"end":{"line":428,"column":29}},"53":{"start":{"line":438,"column":8},"end":{"line":438,"column":13760}},"54":{"start":{"line":444,"column":8},"end":{"line":444,"column":35}},"55":{"start":{"line":446,"column":8},"end":{"line":446,"column":19}},"56":{"start":{"line":459,"column":8},"end":{"line":459,"column":30}},"57":{"start":{"line":462,"column":8},"end":{"line":462,"column":14534}},"58":{"start":{"line":463,"column":12},"end":{"line":463,"column":30}},"59":{"start":{"line":465,"column":12},"end":{"line":465,"column":66}},"60":{"start":{"line":469,"column":8},"end":{"line":469,"column":25}},"61":{"start":{"line":479,"column":8},"end":{"line":479,"column":67}},"62":{"start":{"line":482,"column":8},"end":{"line":482,"column":32}},"63":{"start":{"line":485,"column":8},"end":{"line":485,"column":59}},"64":{"start":{"line":486,"column":8},"end":{"line":486,"column":64}},"65":{"start":{"line":489,"column":8},"end":{"line":489,"column":15513}},"66":{"start":{"line":491,"column":12},"end":{"line":491,"column":58}},"67":{"start":{"line":494,"column":12},"end":{"line":494,"column":58}},"68":{"start":{"line":497,"column":12},"end":{"line":497,"column":39}},"69":{"start":{"line":501,"column":8},"end":{"line":501,"column":46}},"70":{"start":{"line":504,"column":8},"end":{"line":504,"column":21}},"71":{"start":{"line":513,"column":8},"end":{"line":513,"column":49}},"72":{"start":{"line":516,"column":8},"end":{"line":516,"column":16504}},"73":{"start":{"line":524,"column":8},"end":{"line":524,"column":16715}},"74":{"start":{"line":533,"column":8},"end":{"line":533,"column":26}},"75":{"start":{"line":546,"column":8},"end":{"line":546,"column":17489}},"76":{"start":{"line":547,"column":12},"end":{"line":547,"column":57}},"77":{"start":{"line":549,"column":12},"end":{"line":549,"column":20}},"78":{"start":{"line":563,"column":8},"end":{"line":563,"column":18034}},"79":{"start":{"line":564,"column":12},"end":{"line":564,"column":59}},"80":{"start":{"line":566,"column":12},"end":{"line":566,"column":20}},"81":{"start":{"line":576,"column":8},"end":{"line":576,"column":45}},"82":{"start":{"line":585,"column":8},"end":{"line":585,"column":46}},"83":{"start":{"line":594,"column":8},"end":{"line":594,"column":44}},"84":{"start":{"line":603,"column":8},"end":{"line":603,"column":60}},"85":{"start":{"line":625,"column":8},"end":{"line":625,"column":51}},"86":{"start":{"line":628,"column":8},"end":{"line":628,"column":56}},"87":{"start":{"line":631,"column":8},"end":{"line":631,"column":40}}},"branchMap":{"1":{"line":122,"type":"if","locations":[{"start":{"line":122,"column":8},"end":{"line":122,"column":8}},{"start":{"line":122,"column":8},"end":{"line":122,"column":8}}]},"2":{"line":133,"type":"if","locations":[{"start":{"line":133,"column":8},"end":{"line":133,"column":8}},{"start":{"line":133,"column":8},"end":{"line":133,"column":8}}]},"3":{"line":186,"type":"if","locations":[{"start":{"line":186,"column":8},"end":{"line":186,"column":8}},{"start":{"line":186,"column":8},"end":{"line":186,"column":8}}]},"4":{"line":230,"type":"if","locations":[{"start":{"line":230,"column":8},"end":{"line":230,"column":8}},{"start":{"line":230,"column":8},"end":{"line":230,"column":8}}]},"5":{"line":262,"type":"if","locations":[{"start":{"line":262,"column":8},"end":{"line":262,"column":8}},{"start":{"line":262,"column":8},"end":{"line":262,"column":8}}]},"6":{"line":292,"type":"if","locations":[{"start":{"line":292,"column":8},"end":{"line":292,"column":8}},{"start":{"line":292,"column":8},"end":{"line":292,"column":8}}]},"7":{"line":315,"type":"if","locations":[{"start":{"line":315,"column":8},"end":{"line":315,"column":8}},{"start":{"line":315,"column":8},"end":{"line":315,"column":8}}]},"8":{"line":319,"type":"if","locations":[{"start":{"line":319,"column":8},"end":{"line":319,"column":8}},{"start":{"line":319,"column":8},"end":{"line":319,"column":8}}]},"9":{"line":358,"type":"if","locations":[{"start":{"line":358,"column":8},"end":{"line":358,"column":8}},{"start":{"line":358,"column":8},"end":{"line":358,"column":8}}]},"10":{"line":438,"type":"if","locations":[{"start":{"line":438,"column":8},"end":{"line":438,"column":8}},{"start":{"line":438,"column":8},"end":{"line":438,"column":8}}]},"11":{"line":462,"type":"if","locations":[{"start":{"line":462,"column":8},"end":{"line":462,"column":8}},{"start":{"line":462,"column":8},"end":{"line":462,"column":8}}]},"12":{"line":489,"type":"if","locations":[{"start":{"line":489,"column":8},"end":{"line":489,"column":8}},{"start":{"line":489,"column":8},"end":{"line":489,"column":8}}]},"13":{"line":546,"type":"if","locations":[{"start":{"line":546,"column":8},"end":{"line":546,"column":8}},{"start":{"line":546,"column":8},"end":{"line":546,"column":8}}]},"14":{"line":563,"type":"if","locations":[{"start":{"line":563,"column":8},"end":{"line":563,"column":8}},{"start":{"line":563,"column":8},"end":{"line":563,"column":8}}]}}},
"contracts/PodFactory.sol":{"l":{"54":120,"57":120,"78":83,"81":83,"84":82,"86":82,"89":82,"92":82,"95":82},"path":"/Users/admin/Documents/GitHub/poolpower-project/generator/contracts/contracts/PodFactory.sol","s":{"1":120,"2":120,"3":83,"4":83,"5":82,"6":82,"7":82,"8":82,"9":82},"b":{},"f":{"1":120,"2":83},"fnMap":{"1":{"name":"constructor","line":52,"loc":{"start":{"line":52,"column":4},"end":{"line":58,"column":4}}},"2":{"name":"create","line":70,"loc":{"start":{"line":70,"column":4},"end":{"line":96,"column":4}}}},"statementMap":{"1":{"start":{"line":54,"column":8},"end":{"line":54,"column":30}},"2":{"start":{"line":57,"column":8},"end":{"line":57,"column":43}},"3":{"start":{"line":78,"column":8},"end":{"line":78,"column":62}},"4":{"start":{"line":81,"column":8},"end":{"line":81,"column":74}},"5":{"start":{"line":84,"column":8},"end":{"line":84,"column":40}},"6":{"start":{"line":86,"column":8},"end":{"line":86,"column":74}},"7":{"start":{"line":89,"column":8},"end":{"line":89,"column":43}},"8":{"start":{"line":92,"column":8},"end":{"line":92,"column":72}},"9":{"start":{"line":95,"column":8},"end":{"line":95,"column":49}}},"branchMap":{}},
"contracts/TokenDrop.sol":{"l":{"82":86,"83":86,"86":86,"105":14,"106":14,"109":14,"112":14,"113":2,"125":6,"128":6,"131":6,"140":5,"141":5,"142":5,"143":5,"144":5,"147":5,"150":5,"152":5,"163":25,"164":25,"167":25,"169":5,"172":5,"173":1,"175":1,"178":1,"179":1,"184":5,"187":25,"205":5,"215":21,"216":21,"218":19,"220":2,"224":2,"225":2,"233":2,"238":2,"246":1},"path":"/Users/admin/Documents/GitHub/poolpower-project/generator/contracts/contracts/TokenDrop.sol","s":{"1":86,"2":86,"3":86,"4":14,"5":14,"6":14,"7":14,"8":2,"9":6,"10":6,"11":6,"12":5,"13":5,"14":5,"15":5,"16":5,"17":5,"18":5,"19":5,"20":25,"21":25,"22":25,"23":5,"24":5,"25":1,"26":1,"27":1,"28":1,"29":5,"30":25,"31":5,"32":21,"33":21,"34":19,"35":2,"36":2,"37":2,"38":2,"39":2,"40":1},"b":{"1":[14,0],"2":[2,12],"3":[5,20],"4":[1,4],"5":[19,2]},"f":{"1":86,"2":14,"3":6,"4":5,"5":25,"6":5,"7":21,"8":1},"fnMap":{"1":{"name":"initialize","line":81,"loc":{"start":{"line":81,"column":4},"end":{"line":87,"column":4}}},"2":{"name":"beforeTokenTransfer","line":99,"loc":{"start":{"line":99,"column":4},"end":{"line":116,"column":4}}},"3":{"name":"addAssetToken","line":123,"loc":{"start":{"line":123,"column":4},"end":{"line":132,"column":4}}},"4":{"name":"claim","line":139,"loc":{"start":{"line":139,"column":4},"end":{"line":153,"column":4}}},"5":{"name":"drop","line":162,"loc":{"start":{"line":162,"column":4},"end":{"line":188,"column":4}}},"6":{"name":"_nonReentrantTransfer","line":201,"loc":{"start":{"line":199,"column":4},"end":{"line":206,"column":4}}},"7":{"name":"_captureNewTokensForUser","line":214,"loc":{"start":{"line":214,"column":4},"end":{"line":239,"column":4}}},"8":{"name":"supportsInterface","line":241,"loc":{"start":{"line":241,"column":4},"end":{"line":247,"column":4}}}},"statementMap":{"1":{"start":{"line":82,"column":8},"end":{"line":82,"column":44}},"2":{"start":{"line":83,"column":8},"end":{"line":83,"column":40}},"3":{"start":{"line":86,"column":8},"end":{"line":86,"column":27}},"4":{"start":{"line":105,"column":8},"end":{"line":105,"column":3713}},"5":{"start":{"line":106,"column":12},"end":{"line":106,"column":17}},"6":{"start":{"line":109,"column":12},"end":{"line":109,"column":39}},"7":{"start":{"line":112,"column":12},"end":{"line":112,"column":3927}},"8":{"start":{"line":113,"column":16},"end":{"line":113,"column":45}},"9":{"start":{"line":125,"column":8},"end":{"line":125,"column":64}},"10":{"start":{"line":128,"column":8},"end":{"line":128,"column":13}},"11":{"start":{"line":131,"column":8},"end":{"line":131,"column":19}},"12":{"start":{"line":140,"column":8},"end":{"line":140,"column":13}},"13":{"start":{"line":141,"column":8},"end":{"line":141,"column":37}},"14":{"start":{"line":142,"column":8},"end":{"line":142,"column":50}},"15":{"start":{"line":143,"column":8},"end":{"line":143,"column":35}},"16":{"start":{"line":144,"column":8},"end":{"line":144,"column":72}},"17":{"start":{"line":147,"column":8},"end":{"line":147,"column":43}},"18":{"start":{"line":150,"column":8},"end":{"line":150,"column":35}},"19":{"start":{"line":152,"column":8},"end":{"line":152,"column":22}},"20":{"start":{"line":163,"column":8},"end":{"line":163,"column":65}},"21":{"start":{"line":164,"column":8},"end":{"line":164,"column":64}},"22":{"start":{"line":167,"column":8},"end":{"line":167,"column":5561}},"23":{"start":{"line":169,"column":12},"end":{"line":169,"column":62}},"24":{"start":{"line":172,"column":12},"end":{"line":172,"column":5755}},"25":{"start":{"line":173,"column":16},"end":{"line":173,"column":5868}},"26":{"start":{"line":175,"column":16},"end":{"line":175,"column":5988}},"27":{"start":{"line":178,"column":16},"end":{"line":178,"column":74}},"28":{"start":{"line":179,"column":16},"end":{"line":179,"column":6150}},"29":{"start":{"line":184,"column":12},"end":{"line":184,"column":35}},"30":{"start":{"line":187,"column":8},"end":{"line":187,"column":24}},"31":{"start":{"line":205,"column":8},"end":{"line":205,"column":39}},"32":{"start":{"line":215,"column":8},"end":{"line":215,"column":54}},"33":{"start":{"line":216,"column":8},"end":{"line":216,"column":7260}},"34":{"start":{"line":218,"column":12},"end":{"line":218,"column":20}},"35":{"start":{"line":220,"column":8},"end":{"line":220,"column":7418}},"36":{"start":{"line":224,"column":8},"end":{"line":224,"column":60}},"37":{"start":{"line":225,"column":8},"end":{"line":225,"column":7652}},"38":{"start":{"line":233,"column":8},"end":{"line":233,"column":7848}},"39":{"start":{"line":238,"column":8},"end":{"line":238,"column":24}},"40":{"start":{"line":246,"column":8},"end":{"line":246,"column":19}}},"branchMap":{"1":{"line":105,"type":"if","locations":[{"start":{"line":105,"column":8},"end":{"line":105,"column":8}},{"start":{"line":105,"column":8},"end":{"line":105,"column":8}}]},"2":{"line":112,"type":"if","locations":[{"start":{"line":112,"column":12},"end":{"line":112,"column":12}},{"start":{"line":112,"column":12},"end":{"line":112,"column":12}}]},"3":{"line":167,"type":"if","locations":[{"start":{"line":167,"column":8},"end":{"line":167,"column":8}},{"start":{"line":167,"column":8},"end":{"line":167,"column":8}}]},"4":{"line":172,"type":"if","locations":[{"start":{"line":172,"column":12},"end":{"line":172,"column":12}},{"start":{"line":172,"column":12},"end":{"line":172,"column":12}}]},"5":{"line":216,"type":"if","locations":[{"start":{"line":216,"column":8},"end":{"line":216,"column":8}},{"start":{"line":216,"column":8},"end":{"line":216,"column":8}}]}}},
"contracts/TokenDropFactory.sol":{"l":{"35":120,"46":86,"50":86,"53":86},"path":"/Users/admin/Documents/GitHub/poolpower-project/generator/contracts/contracts/TokenDropFactory.sol","s":{"1":120,"2":86,"3":86,"4":86},"b":{},"f":{"1":120,"2":86},"fnMap":{"1":{"name":"constructor","line":33,"loc":{"start":{"line":33,"column":4},"end":{"line":36,"column":4}}},"2":{"name":"create","line":41,"loc":{"start":{"line":41,"column":4},"end":{"line":54,"column":4}}}},"statementMap":{"1":{"start":{"line":35,"column":8},"end":{"line":35,"column":42}},"2":{"start":{"line":46,"column":8},"end":{"line":46,"column":1506}},"3":{"start":{"line":50,"column":8},"end":{"line":50,"column":45}},"4":{"start":{"line":53,"column":8},"end":{"line":53,"column":24}}},"branchMap":{}}}
