{
"contracts/interfaces/ControlledTokenInterface.sol":{"l":{},"path":"/Users/admin/Documents/GitHub/poolpower-project/contracts/contracts/interfaces/ControlledTokenInterface.sol","s":{},"b":{},"f":{},"fnMap":{},"statementMap":{},"branchMap":{}},
"contracts/interfaces/IERC20.sol":{"l":{},"path":"/Users/admin/Documents/GitHub/poolpower-project/contracts/contracts/interfaces/IERC20.sol","s":{},"b":{},"f":{},"fnMap":{},"statementMap":{},"branchMap":{}},
"contracts/interfaces/IERC20Minimal.sol":{"l":{},"path":"/Users/admin/Documents/GitHub/poolpower-project/contracts/contracts/interfaces/IERC20Minimal.sol","s":{},"b":{},"f":{},"fnMap":{},"statementMap":{},"branchMap":{}},
"contracts/interfaces/ILootBoxController.sol":{"l":{},"path":"/Users/admin/Documents/GitHub/poolpower-project/contracts/contracts/interfaces/ILootBoxController.sol","s":{},"b":{},"f":{},"fnMap":{},"statementMap":{},"branchMap":{}},
"contracts/interfaces/IMinimal.sol":{"l":{},"path":"/Users/admin/Documents/GitHub/poolpower-project/contracts/contracts/interfaces/IMinimal.sol","s":{},"b":{},"f":{},"fnMap":{},"statementMap":{},"branchMap":{}},
"contracts/interfaces/IPermitAllowed.sol":{"l":{},"path":"/Users/admin/Documents/GitHub/poolpower-project/contracts/contracts/interfaces/IPermitAllowed.sol","s":{},"b":{},"f":{},"fnMap":{},"statementMap":{},"branchMap":{}},
"contracts/interfaces/IPrizePoolMinimal.sol":{"l":{},"path":"/Users/admin/Documents/GitHub/poolpower-project/contracts/contracts/interfaces/IPrizePoolMinimal.sol","s":{},"b":{},"f":{},"fnMap":{},"statementMap":{},"branchMap":{}},
"contracts/interfaces/IPrizeStrategyMinimal.sol":{"l":{},"path":"/Users/admin/Documents/GitHub/poolpower-project/contracts/contracts/interfaces/IPrizeStrategyMinimal.sol","s":{},"b":{},"f":{},"fnMap":{},"statementMap":{},"branchMap":{}},
"contracts/interfaces/IWETH.sol":{"l":{},"path":"/Users/admin/Documents/GitHub/poolpower-project/contracts/contracts/interfaces/IWETH.sol","s":{},"b":{},"f":{},"fnMap":{},"statementMap":{},"branchMap":{}},
"contracts/interfaces/TokenControllerInterface.sol":{"l":{},"path":"/Users/admin/Documents/GitHub/poolpower-project/contracts/contracts/interfaces/TokenControllerInterface.sol","s":{},"b":{},"f":{},"fnMap":{},"statementMap":{},"branchMap":{}},
"contracts/interfaces/TokenFaucet.sol":{"l":{},"path":"/Users/admin/Documents/GitHub/poolpower-project/contracts/contracts/interfaces/TokenFaucet.sol","s":{},"b":{},"f":{},"fnMap":{},"statementMap":{},"branchMap":{}},
"contracts/interfaces/TokenListenerInterface.sol":{"l":{},"path":"/Users/admin/Documents/GitHub/poolpower-project/contracts/contracts/interfaces/TokenListenerInterface.sol","s":{},"b":{},"f":{},"fnMap":{},"statementMap":{},"branchMap":{}},
"contracts/interfaces/uniswap/IERC20.sol":{"l":{},"path":"/Users/admin/Documents/GitHub/poolpower-project/contracts/contracts/interfaces/uniswap/IERC20.sol","s":{},"b":{},"f":{},"fnMap":{},"statementMap":{},"branchMap":{}},
"contracts/interfaces/uniswap/IUniswapV2Callee.sol":{"l":{},"path":"/Users/admin/Documents/GitHub/poolpower-project/contracts/contracts/interfaces/uniswap/IUniswapV2Callee.sol","s":{},"b":{},"f":{},"fnMap":{},"statementMap":{},"branchMap":{}},
"contracts/interfaces/uniswap/IUniswapV2ERC20.sol":{"l":{},"path":"/Users/admin/Documents/GitHub/poolpower-project/contracts/contracts/interfaces/uniswap/IUniswapV2ERC20.sol","s":{},"b":{},"f":{},"fnMap":{},"statementMap":{},"branchMap":{}},
"contracts/interfaces/uniswap/IUniswapV2Factory.sol":{"l":{},"path":"/Users/admin/Documents/GitHub/poolpower-project/contracts/contracts/interfaces/uniswap/IUniswapV2Factory.sol","s":{},"b":{},"f":{},"fnMap":{},"statementMap":{},"branchMap":{}},
"contracts/interfaces/uniswap/IUniswapV2Pair.sol":{"l":{},"path":"/Users/admin/Documents/GitHub/poolpower-project/contracts/contracts/interfaces/uniswap/IUniswapV2Pair.sol","s":{},"b":{},"f":{},"fnMap":{},"statementMap":{},"branchMap":{}},
"contracts/interfaces/uniswap/IUniswapV2Router01.sol":{"l":{},"path":"/Users/admin/Documents/GitHub/poolpower-project/contracts/contracts/interfaces/uniswap/IUniswapV2Router01.sol","s":{},"b":{},"f":{},"fnMap":{},"statementMap":{},"branchMap":{}},
"contracts/interfaces/uniswap/IUniswapV2Router02.sol":{"l":{},"path":"/Users/admin/Documents/GitHub/poolpower-project/contracts/contracts/interfaces/uniswap/IUniswapV2Router02.sol","s":{},"b":{},"f":{},"fnMap":{},"statementMap":{},"branchMap":{}},
"contracts/IPod.sol":{"l":{},"path":"/Users/admin/Documents/GitHub/poolpower-project/contracts/contracts/IPod.sol","s":{},"b":{},"f":{},"fnMap":{},"statementMap":{},"branchMap":{}},
"contracts/IPodManager.sol":{"l":{},"path":"/Users/admin/Documents/GitHub/poolpower-project/contracts/contracts/IPodManager.sol","s":{},"b":{},"f":{},"fnMap":{},"statementMap":{},"branchMap":{}},
"contracts/Pod.sol":{"l":{"123":0,"127":0,"134":0,"138":0,"157":38,"160":38,"166":38,"169":38,"170":38,"171":38,"172":38,"175":38,"178":38,"185":38,"186":38,"197":0,"206":0,"212":0,"215":0,"226":2,"240":3,"243":3,"246":3,"249":3,"252":3,"263":3,"269":3,"272":3,"274":3,"283":2,"286":2,"292":2,"295":2,"298":2,"301":2,"309":2,"321":0,"329":0,"341":0,"357":0,"359":0,"361":0,"369":2,"372":2,"375":2,"378":2,"389":3,"392":3,"393":2,"395":1,"399":3,"402":3,"410":3,"413":3,"416":3,"417":3,"420":3,"422":3,"425":3,"428":3,"443":3,"446":3,"455":3,"458":3,"466":3,"475":3,"486":2,"487":1,"489":1,"501":2,"502":1,"504":1,"512":9,"519":8,"526":2,"533":6,"554":6,"557":6,"559":6},"path":"/Users/admin/Documents/GitHub/poolpower-project/contracts/contracts/Pod.sol","s":{},"b":{"1":[0,0],"2":[0,0],"3":[38,0],"4":[0,0],"5":[3,0],"6":[3,0],"7":[2,0],"8":[0,0],"9":[2,1],"10":[3,0],"11":[1,1],"12":[1,1]},"f":{},"fnMap":{},"statementMap":{},"branchMap":{"1":{"line":123,"type":"if","locations":[{"start":{"line":123,"column":8},"end":{"line":123,"column":8}},{"start":{"line":123,"column":8},"end":{"line":123,"column":8}}]},"2":{"line":134,"type":"if","locations":[{"start":{"line":134,"column":8},"end":{"line":134,"column":8}},{"start":{"line":134,"column":8},"end":{"line":134,"column":8}}]},"3":{"line":185,"type":"if","locations":[{"start":{"line":185,"column":8},"end":{"line":185,"column":8}},{"start":{"line":185,"column":8},"end":{"line":185,"column":8}}]},"4":{"line":206,"type":"if","locations":[{"start":{"line":206,"column":8},"end":{"line":206,"column":8}},{"start":{"line":206,"column":8},"end":{"line":206,"column":8}}]},"5":{"line":240,"type":"if","locations":[{"start":{"line":240,"column":8},"end":{"line":240,"column":8}},{"start":{"line":240,"column":8},"end":{"line":240,"column":8}}]},"6":{"line":263,"type":"if","locations":[{"start":{"line":263,"column":8},"end":{"line":263,"column":8}},{"start":{"line":263,"column":8},"end":{"line":263,"column":8}}]},"7":{"line":286,"type":"if","locations":[{"start":{"line":286,"column":8},"end":{"line":286,"column":8}},{"start":{"line":286,"column":8},"end":{"line":286,"column":8}}]},"8":{"line":321,"type":"if","locations":[{"start":{"line":321,"column":8},"end":{"line":321,"column":8}},{"start":{"line":321,"column":8},"end":{"line":321,"column":8}}]},"9":{"line":392,"type":"if","locations":[{"start":{"line":392,"column":8},"end":{"line":392,"column":8}},{"start":{"line":392,"column":8},"end":{"line":392,"column":8}}]},"10":{"line":420,"type":"if","locations":[{"start":{"line":420,"column":8},"end":{"line":420,"column":8}},{"start":{"line":420,"column":8},"end":{"line":420,"column":8}}]},"11":{"line":486,"type":"if","locations":[{"start":{"line":486,"column":8},"end":{"line":486,"column":8}},{"start":{"line":486,"column":8},"end":{"line":486,"column":8}}]},"12":{"line":501,"type":"if","locations":[{"start":{"line":501,"column":8},"end":{"line":501,"column":8}},{"start":{"line":501,"column":8},"end":{"line":501,"column":8}}]}}},
"contracts/PodFactory.sol":{"l":{"49":57,"52":57,"66":38,"69":38,"79":38,"83":38,"86":38,"89":38,"92":38},"path":"/Users/admin/Documents/GitHub/poolpower-project/contracts/contracts/PodFactory.sol","s":{},"b":{},"f":{},"fnMap":{},"statementMap":{},"branchMap":{}},
"contracts/TokenDrop.sol":{"l":{"85":38,"86":38,"89":38,"96":0,"97":0,"105":0,"120":6,"121":6,"124":6,"127":6,"128":3,"140":2,"143":2,"146":2,"155":0,"156":0,"157":0,"158":0,"159":0,"162":0,"165":0,"167":0,"178":8,"179":8,"182":8,"184":0,"187":0,"188":0,"190":0,"193":0,"194":0,"199":0,"202":8,"216":9,"217":9,"219":9,"221":0,"225":0,"226":0,"234":0,"239":0,"247":0},"path":"/Users/admin/Documents/GitHub/poolpower-project/contracts/contracts/TokenDrop.sol","s":{},"b":{"1":[0,0],"2":[6,0],"3":[3,3],"4":[0,8],"5":[0,0],"6":[9,0]},"f":{},"fnMap":{},"statementMap":{},"branchMap":{"1":{"line":96,"type":"if","locations":[{"start":{"line":96,"column":8},"end":{"line":96,"column":8}},{"start":{"line":96,"column":8},"end":{"line":96,"column":8}}]},"2":{"line":120,"type":"if","locations":[{"start":{"line":120,"column":8},"end":{"line":120,"column":8}},{"start":{"line":120,"column":8},"end":{"line":120,"column":8}}]},"3":{"line":127,"type":"if","locations":[{"start":{"line":127,"column":12},"end":{"line":127,"column":12}},{"start":{"line":127,"column":12},"end":{"line":127,"column":12}}]},"4":{"line":182,"type":"if","locations":[{"start":{"line":182,"column":8},"end":{"line":182,"column":8}},{"start":{"line":182,"column":8},"end":{"line":182,"column":8}}]},"5":{"line":187,"type":"if","locations":[{"start":{"line":187,"column":12},"end":{"line":187,"column":12}},{"start":{"line":187,"column":12},"end":{"line":187,"column":12}}]},"6":{"line":217,"type":"if","locations":[{"start":{"line":217,"column":8},"end":{"line":217,"column":8}},{"start":{"line":217,"column":8},"end":{"line":217,"column":8}}]}}},
"contracts/TokenDropFactory.sol":{"l":{"37":57,"48":38,"52":38,"55":38,"58":38},"path":"/Users/admin/Documents/GitHub/poolpower-project/contracts/contracts/TokenDropFactory.sol","s":{},"b":{},"f":{},"fnMap":{},"statementMap":{},"branchMap":{}}}
