TN:
SF:/Users/admin/Documents/GitHub/poolpower-project/contracts/contracts/interfaces/ControlledTokenInterface.sol
FNF:0
FNH:0
LF:0
LH:0
BRF:0
BRH:0
end_of_record
TN:
SF:/Users/admin/Documents/GitHub/poolpower-project/contracts/contracts/interfaces/IERC20.sol
FNF:0
FNH:0
LF:0
LH:0
BRF:0
BRH:0
end_of_record
TN:
SF:/Users/admin/Documents/GitHub/poolpower-project/contracts/contracts/interfaces/IERC20Minimal.sol
FNF:0
FNH:0
LF:0
LH:0
BRF:0
BRH:0
end_of_record
TN:
SF:/Users/admin/Documents/GitHub/poolpower-project/contracts/contracts/interfaces/ILootBoxController.sol
FNF:0
FNH:0
LF:0
LH:0
BRF:0
BRH:0
end_of_record
TN:
SF:/Users/admin/Documents/GitHub/poolpower-project/contracts/contracts/interfaces/IMinimal.sol
FNF:0
FNH:0
LF:0
LH:0
BRF:0
BRH:0
end_of_record
TN:
SF:/Users/admin/Documents/GitHub/poolpower-project/contracts/contracts/interfaces/IPermitAllowed.sol
FNF:0
FNH:0
LF:0
LH:0
BRF:0
BRH:0
end_of_record
TN:
SF:/Users/admin/Documents/GitHub/poolpower-project/contracts/contracts/interfaces/IPrizePoolMinimal.sol
FNF:0
FNH:0
LF:0
LH:0
BRF:0
BRH:0
end_of_record
TN:
SF:/Users/admin/Documents/GitHub/poolpower-project/contracts/contracts/interfaces/IPrizeStrategyMinimal.sol
FNF:0
FNH:0
LF:0
LH:0
BRF:0
BRH:0
end_of_record
TN:
SF:/Users/admin/Documents/GitHub/poolpower-project/contracts/contracts/interfaces/IWETH.sol
FNF:0
FNH:0
LF:0
LH:0
BRF:0
BRH:0
end_of_record
TN:
SF:/Users/admin/Documents/GitHub/poolpower-project/contracts/contracts/interfaces/TokenControllerInterface.sol
FNF:0
FNH:0
LF:0
LH:0
BRF:0
BRH:0
end_of_record
TN:
SF:/Users/admin/Documents/GitHub/poolpower-project/contracts/contracts/interfaces/TokenFaucet.sol
FNF:0
FNH:0
LF:0
LH:0
BRF:0
BRH:0
end_of_record
TN:
SF:/Users/admin/Documents/GitHub/poolpower-project/contracts/contracts/interfaces/TokenListenerInterface.sol
FNF:0
FNH:0
LF:0
LH:0
BRF:0
BRH:0
end_of_record
TN:
SF:/Users/admin/Documents/GitHub/poolpower-project/contracts/contracts/interfaces/uniswap/IERC20.sol
FNF:0
FNH:0
LF:0
LH:0
BRF:0
BRH:0
end_of_record
TN:
SF:/Users/admin/Documents/GitHub/poolpower-project/contracts/contracts/interfaces/uniswap/IUniswapV2Callee.sol
FNF:0
FNH:0
LF:0
LH:0
BRF:0
BRH:0
end_of_record
TN:
SF:/Users/admin/Documents/GitHub/poolpower-project/contracts/contracts/interfaces/uniswap/IUniswapV2ERC20.sol
FNF:0
FNH:0
LF:0
LH:0
BRF:0
BRH:0
end_of_record
TN:
SF:/Users/admin/Documents/GitHub/poolpower-project/contracts/contracts/interfaces/uniswap/IUniswapV2Factory.sol
FNF:0
FNH:0
LF:0
LH:0
BRF:0
BRH:0
end_of_record
TN:
SF:/Users/admin/Documents/GitHub/poolpower-project/contracts/contracts/interfaces/uniswap/IUniswapV2Pair.sol
FNF:0
FNH:0
LF:0
LH:0
BRF:0
BRH:0
end_of_record
TN:
SF:/Users/admin/Documents/GitHub/poolpower-project/contracts/contracts/interfaces/uniswap/IUniswapV2Router01.sol
FNF:0
FNH:0
LF:0
LH:0
BRF:0
BRH:0
end_of_record
TN:
SF:/Users/admin/Documents/GitHub/poolpower-project/contracts/contracts/interfaces/uniswap/IUniswapV2Router02.sol
FNF:0
FNH:0
LF:0
LH:0
BRF:0
BRH:0
end_of_record
TN:
SF:/Users/admin/Documents/GitHub/poolpower-project/contracts/contracts/IPod.sol
FNF:0
FNH:0
LF:0
LH:0
BRF:0
BRH:0
end_of_record
TN:
SF:/Users/admin/Documents/GitHub/poolpower-project/contracts/contracts/IPodManager.sol
FNF:0
FNH:0
LF:0
LH:0
BRF:0
BRH:0
end_of_record
TN:
SF:/Users/admin/Documents/GitHub/poolpower-project/contracts/contracts/Pod.sol
FNF:0
FNH:0
DA:123,0
DA:127,0
DA:134,0
DA:138,0
DA:157,38
DA:160,38
DA:166,38
DA:169,38
DA:170,38
DA:171,38
DA:172,38
DA:175,38
DA:178,38
DA:185,38
DA:186,38
DA:197,0
DA:206,0
DA:212,0
DA:215,0
DA:226,2
DA:240,3
DA:243,3
DA:246,3
DA:249,3
DA:252,3
DA:263,3
DA:269,3
DA:272,3
DA:274,3
DA:283,2
DA:286,2
DA:292,2
DA:295,2
DA:298,2
DA:301,2
DA:309,2
DA:321,0
DA:329,0
DA:341,0
DA:357,0
DA:359,0
DA:361,0
DA:369,2
DA:372,2
DA:375,2
DA:378,2
DA:389,3
DA:392,3
DA:393,2
DA:395,1
DA:399,3
DA:402,3
DA:410,3
DA:413,3
DA:416,3
DA:417,3
DA:420,3
DA:422,3
DA:425,3
DA:428,3
DA:443,3
DA:446,3
DA:455,3
DA:458,3
DA:466,3
DA:475,3
DA:486,2
DA:487,1
DA:489,1
DA:501,2
DA:502,1
DA:504,1
DA:512,9
DA:519,8
DA:526,2
DA:533,6
DA:554,6
DA:557,6
DA:559,6
LF:79
LH:65
BRDA:123,1,0,0
BRDA:123,1,1,0
BRDA:134,2,0,0
BRDA:134,2,1,0
BRDA:185,3,0,38
BRDA:185,3,1,0
BRDA:206,4,0,0
BRDA:206,4,1,0
BRDA:240,5,0,3
BRDA:240,5,1,0
BRDA:263,6,0,3
BRDA:263,6,1,0
BRDA:286,7,0,2
BRDA:286,7,1,0
BRDA:321,8,0,0
BRDA:321,8,1,0
BRDA:392,9,0,2
BRDA:392,9,1,1
BRDA:420,10,0,3
BRDA:420,10,1,0
BRDA:486,11,0,1
BRDA:486,11,1,1
BRDA:501,12,0,1
BRDA:501,12,1,1
BRF:24
BRH:11
end_of_record
TN:
SF:/Users/admin/Documents/GitHub/poolpower-project/contracts/contracts/PodFactory.sol
FNF:0
FNH:0
DA:49,57
DA:52,57
DA:66,38
DA:69,38
DA:79,38
DA:83,38
DA:86,38
DA:89,38
DA:92,38
LF:9
LH:9
BRF:0
BRH:0
end_of_record
TN:
SF:/Users/admin/Documents/GitHub/poolpower-project/contracts/contracts/TokenDrop.sol
FNF:0
FNH:0
DA:85,38
DA:86,38
DA:89,38
DA:96,0
DA:97,0
DA:105,0
DA:120,6
DA:121,6
DA:124,6
DA:127,6
DA:128,3
DA:140,2
DA:143,2
DA:146,2
DA:155,0
DA:156,0
DA:157,0
DA:158,0
DA:159,0
DA:162,0
DA:165,0
DA:167,0
DA:178,8
DA:179,8
DA:182,8
DA:184,0
DA:187,0
DA:188,0
DA:190,0
DA:193,0
DA:194,0
DA:199,0
DA:202,8
DA:216,9
DA:217,9
DA:219,9
DA:221,0
DA:225,0
DA:226,0
DA:234,0
DA:239,0
DA:247,0
LF:42
LH:18
BRDA:96,1,0,0
BRDA:96,1,1,0
BRDA:120,2,0,6
BRDA:120,2,1,0
BRDA:127,3,0,3
BRDA:127,3,1,3
BRDA:182,4,0,0
BRDA:182,4,1,8
BRDA:187,5,0,0
BRDA:187,5,1,0
BRDA:217,6,0,9
BRDA:217,6,1,0
BRF:12
BRH:5
end_of_record
TN:
SF:/Users/admin/Documents/GitHub/poolpower-project/contracts/contracts/TokenDropFactory.sol
FNF:0
FNH:0
DA:37,57
DA:48,38
DA:52,38
DA:55,38
DA:58,38
LF:5
LH:5
BRF:0
BRH:0
end_of_record
