TN:
SF:/Users/admin/Documents/GitHub/poolpower-project/contracts/contracts/interfaces/ControlledTokenInterface.sol
FNF:0
FNH:0
LF:0
LH:0
BRF:0
BRH:0
end_of_record
TN:
SF:/Users/admin/Documents/GitHub/poolpower-project/contracts/contracts/interfaces/IERC20.sol
FNF:0
FNH:0
LF:0
LH:0
BRF:0
BRH:0
end_of_record
TN:
SF:/Users/admin/Documents/GitHub/poolpower-project/contracts/contracts/interfaces/IERC20Minimal.sol
FNF:0
FNH:0
LF:0
LH:0
BRF:0
BRH:0
end_of_record
TN:
SF:/Users/admin/Documents/GitHub/poolpower-project/contracts/contracts/interfaces/ILootBoxController.sol
FNF:0
FNH:0
LF:0
LH:0
BRF:0
BRH:0
end_of_record
TN:
SF:/Users/admin/Documents/GitHub/poolpower-project/contracts/contracts/interfaces/IMinimal.sol
FNF:0
FNH:0
LF:0
LH:0
BRF:0
BRH:0
end_of_record
TN:
SF:/Users/admin/Documents/GitHub/poolpower-project/contracts/contracts/interfaces/IPermitAllowed.sol
FNF:0
FNH:0
LF:0
LH:0
BRF:0
BRH:0
end_of_record
TN:
SF:/Users/admin/Documents/GitHub/poolpower-project/contracts/contracts/interfaces/IPrizePoolMinimal.sol
FNF:0
FNH:0
LF:0
LH:0
BRF:0
BRH:0
end_of_record
TN:
SF:/Users/admin/Documents/GitHub/poolpower-project/contracts/contracts/interfaces/IPrizeStrategyMinimal.sol
FNF:0
FNH:0
LF:0
LH:0
BRF:0
BRH:0
end_of_record
TN:
SF:/Users/admin/Documents/GitHub/poolpower-project/contracts/contracts/interfaces/IWETH.sol
FNF:0
FNH:0
LF:0
LH:0
BRF:0
BRH:0
end_of_record
TN:
SF:/Users/admin/Documents/GitHub/poolpower-project/contracts/contracts/interfaces/TokenControllerInterface.sol
FNF:0
FNH:0
LF:0
LH:0
BRF:0
BRH:0
end_of_record
TN:
SF:/Users/admin/Documents/GitHub/poolpower-project/contracts/contracts/interfaces/TokenFaucet.sol
FNF:0
FNH:0
LF:0
LH:0
BRF:0
BRH:0
end_of_record
TN:
SF:/Users/admin/Documents/GitHub/poolpower-project/contracts/contracts/interfaces/TokenListenerInterface.sol
FNF:0
FNH:0
LF:0
LH:0
BRF:0
BRH:0
end_of_record
TN:
SF:/Users/admin/Documents/GitHub/poolpower-project/contracts/contracts/interfaces/uniswap/IERC20.sol
FNF:0
FNH:0
LF:0
LH:0
BRF:0
BRH:0
end_of_record
TN:
SF:/Users/admin/Documents/GitHub/poolpower-project/contracts/contracts/interfaces/uniswap/IUniswapV2Callee.sol
FNF:0
FNH:0
LF:0
LH:0
BRF:0
BRH:0
end_of_record
TN:
SF:/Users/admin/Documents/GitHub/poolpower-project/contracts/contracts/interfaces/uniswap/IUniswapV2ERC20.sol
FNF:0
FNH:0
LF:0
LH:0
BRF:0
BRH:0
end_of_record
TN:
SF:/Users/admin/Documents/GitHub/poolpower-project/contracts/contracts/interfaces/uniswap/IUniswapV2Factory.sol
FNF:0
FNH:0
LF:0
LH:0
BRF:0
BRH:0
end_of_record
TN:
SF:/Users/admin/Documents/GitHub/poolpower-project/contracts/contracts/interfaces/uniswap/IUniswapV2Pair.sol
FNF:0
FNH:0
LF:0
LH:0
BRF:0
BRH:0
end_of_record
TN:
SF:/Users/admin/Documents/GitHub/poolpower-project/contracts/contracts/interfaces/uniswap/IUniswapV2Router01.sol
FNF:0
FNH:0
LF:0
LH:0
BRF:0
BRH:0
end_of_record
TN:
SF:/Users/admin/Documents/GitHub/poolpower-project/contracts/contracts/interfaces/uniswap/IUniswapV2Router02.sol
FNF:0
FNH:0
LF:0
LH:0
BRF:0
BRH:0
end_of_record
TN:
SF:/Users/admin/Documents/GitHub/poolpower-project/contracts/contracts/IPod.sol
FNF:0
FNH:0
LF:0
LH:0
BRF:0
BRH:0
end_of_record
TN:
SF:/Users/admin/Documents/GitHub/poolpower-project/contracts/contracts/IPodManager.sol
FNF:0
FNH:0
LF:0
LH:0
BRF:0
BRH:0
end_of_record
TN:
SF:/Users/admin/Documents/GitHub/poolpower-project/contracts/contracts/Pod.sol
FNF:0
FNH:0
DA:124,0
DA:128,0
DA:135,0
DA:139,0
DA:158,44
DA:161,44
DA:167,44
DA:170,44
DA:171,44
DA:172,44
DA:173,44
DA:176,44
DA:179,44
DA:186,44
DA:187,44
DA:198,0
DA:207,0
DA:213,0
DA:216,0
DA:227,2
DA:241,0
DA:244,0
DA:247,0
DA:250,0
DA:253,0
DA:264,0
DA:270,0
DA:273,0
DA:275,0
DA:284,0
DA:287,0
DA:293,0
DA:296,0
DA:299,0
DA:302,0
DA:310,0
DA:322,0
DA:330,0
DA:342,0
DA:358,0
DA:360,0
DA:362,0
DA:370,0
DA:373,0
DA:376,0
DA:379,0
DA:390,0
DA:393,0
DA:394,0
DA:396,0
DA:400,0
DA:403,0
DA:411,0
DA:414,0
DA:417,0
DA:418,0
DA:421,0
DA:423,0
DA:426,0
DA:429,0
DA:444,0
DA:447,0
DA:456,0
DA:459,0
DA:467,0
DA:476,0
DA:487,1
DA:488,0
DA:490,1
DA:502,1
DA:503,0
DA:505,1
DA:513,0
DA:520,0
DA:527,2
DA:534,0
DA:555,0
DA:558,0
DA:560,0
LF:79
LH:17
BRDA:124,1,0,0
BRDA:124,1,1,0
BRDA:135,2,0,0
BRDA:135,2,1,0
BRDA:186,3,0,44
BRDA:186,3,1,0
BRDA:207,4,0,0
BRDA:207,4,1,0
BRDA:241,5,0,0
BRDA:241,5,1,0
BRDA:264,6,0,0
BRDA:264,6,1,0
BRDA:287,7,0,0
BRDA:287,7,1,0
BRDA:322,8,0,0
BRDA:322,8,1,0
BRDA:393,9,0,0
BRDA:393,9,1,0
BRDA:421,10,0,0
BRDA:421,10,1,0
BRDA:487,11,0,0
BRDA:487,11,1,1
BRDA:502,12,0,0
BRDA:502,12,1,1
BRF:24
BRH:3
end_of_record
TN:
SF:/Users/admin/Documents/GitHub/poolpower-project/contracts/contracts/PodFactory.sol
FNF:0
FNH:0
DA:49,66
DA:52,66
DA:66,44
DA:69,44
DA:79,44
DA:83,44
DA:86,44
DA:89,44
DA:92,44
LF:9
LH:9
BRF:0
BRH:0
end_of_record
TN:
SF:/Users/admin/Documents/GitHub/poolpower-project/contracts/contracts/TokenDrop.sol
FNF:0
FNH:0
DA:85,48
DA:86,48
DA:89,48
DA:96,0
DA:97,0
DA:105,0
DA:120,0
DA:121,0
DA:124,0
DA:127,0
DA:128,0
DA:140,0
DA:143,0
DA:146,0
DA:155,0
DA:156,0
DA:157,0
DA:158,0
DA:159,0
DA:162,0
DA:165,0
DA:167,0
DA:178,0
DA:179,0
DA:182,0
DA:184,0
DA:187,0
DA:188,0
DA:190,0
DA:193,0
DA:194,0
DA:199,0
DA:202,0
DA:216,0
DA:217,0
DA:219,0
DA:221,0
DA:225,0
DA:226,0
DA:234,0
DA:239,0
DA:247,0
LF:42
LH:3
BRDA:96,1,0,0
BRDA:96,1,1,0
BRDA:120,2,0,0
BRDA:120,2,1,0
BRDA:127,3,0,0
BRDA:127,3,1,0
BRDA:182,4,0,0
BRDA:182,4,1,0
BRDA:187,5,0,0
BRDA:187,5,1,0
BRDA:217,6,0,0
BRDA:217,6,1,0
BRF:12
BRH:0
end_of_record
TN:
SF:/Users/admin/Documents/GitHub/poolpower-project/contracts/contracts/TokenDropFactory.sol
FNF:0
FNH:0
DA:37,66
DA:48,48
DA:52,48
DA:55,48
DA:58,48
LF:5
LH:5
BRF:0
BRH:0
end_of_record
